2018-08-04 16:37:32.174 DEBUG 5428 --- [restartedMain] o.s.w.c.s.StandardServletEnvironment     : Adding PropertySource 'configurationProperties' with highest search precedence
2018-08-04 16:37:32.176 DEBUG 5428 --- [restartedMain] o.s.w.c.s.StandardServletEnvironment     : Adding PropertySource 'servletConfigInitParams' with lowest search precedence
2018-08-04 16:37:32.176 DEBUG 5428 --- [restartedMain] o.s.w.c.s.StandardServletEnvironment     : Adding PropertySource 'servletContextInitParams' with lowest search precedence
2018-08-04 16:37:32.176 DEBUG 5428 --- [restartedMain] o.s.w.c.s.StandardServletEnvironment     : Adding PropertySource 'systemProperties' with lowest search precedence
2018-08-04 16:37:32.176 DEBUG 5428 --- [restartedMain] o.s.w.c.s.StandardServletEnvironment     : Adding PropertySource 'systemEnvironment' with lowest search precedence
2018-08-04 16:37:32.176 DEBUG 5428 --- [restartedMain] o.s.w.c.s.StandardServletEnvironment     : Initialized StandardServletEnvironment with PropertySources [StubPropertySource {name='servletConfigInitParams'}, StubPropertySource {name='servletContextInitParams'}, MapPropertySource {name='systemProperties'}, SystemEnvironmentPropertySource {name='systemEnvironment'}]
2018-08-04 16:37:32.178  INFO 5428 --- [restartedMain] com.korucu.SpringRun                     : Starting SpringRun on lab11-4 with PID 5428 (D:\Spring\spring-korucu2\target\classes started by vektorel in D:\Spring\spring-korucu2)
2018-08-04 16:37:32.178  INFO 5428 --- [restartedMain] com.korucu.SpringRun                     : No active profile set, falling back to default profiles: default
2018-08-04 16:37:32.180  INFO 5428 --- [restartedMain] ConfigServletWebServerApplicationContext : Refreshing org.springframework.boot.web.servlet.context.AnnotationConfigServletWebServerApplicationContext@77bc09b2: startup date [Sat Aug 04 16:37:32 EET 2018]; root of context hierarchy
2018-08-04 16:37:32.403 DEBUG 5428 --- [restartedMain] o.s.w.c.s.StandardServletEnvironment     : Removing PropertySource 'defaultProperties'
2018-08-04 16:37:32.454  INFO 5428 --- [restartedMain] o.s.b.w.embedded.tomcat.TomcatWebServer  : Tomcat initialized with port(s): 8080 (http)
2018-08-04 16:37:32.455  INFO 5428 --- [restartedMain] o.apache.catalina.core.StandardService   : Starting service [Tomcat]
2018-08-04 16:37:32.455  INFO 5428 --- [restartedMain] org.apache.catalina.core.StandardEngine  : Starting Servlet Engine: Apache Tomcat/8.5.32
2018-08-04 16:37:32.468  INFO 5428 --- [localhost-startStop-1] o.a.c.c.C.[Tomcat].[localhost].[/]       : Initializing Spring embedded WebApplicationContext
2018-08-04 16:37:32.469 DEBUG 5428 --- [localhost-startStop-1] o.s.web.context.ContextLoader            : Published root WebApplicationContext as ServletContext attribute with name [org.springframework.web.context.WebApplicationContext.ROOT]
2018-08-04 16:37:32.469  INFO 5428 --- [localhost-startStop-1] o.s.web.context.ContextLoader            : Root WebApplicationContext: initialization completed in 289 ms
2018-08-04 16:37:32.531  INFO 5428 --- [localhost-startStop-1] o.s.b.w.servlet.FilterRegistrationBean   : Mapping filter: 'characterEncodingFilter' to: [/*]
2018-08-04 16:37:32.531  INFO 5428 --- [localhost-startStop-1] o.s.b.w.servlet.FilterRegistrationBean   : Mapping filter: 'webMvcMetricsFilter' to: [/*]
2018-08-04 16:37:32.531  INFO 5428 --- [localhost-startStop-1] o.s.b.w.servlet.FilterRegistrationBean   : Mapping filter: 'hiddenHttpMethodFilter' to: [/*]
2018-08-04 16:37:32.531  INFO 5428 --- [localhost-startStop-1] o.s.b.w.servlet.FilterRegistrationBean   : Mapping filter: 'httpPutFormContentFilter' to: [/*]
2018-08-04 16:37:32.531  INFO 5428 --- [localhost-startStop-1] o.s.b.w.servlet.FilterRegistrationBean   : Mapping filter: 'requestContextFilter' to: [/*]
2018-08-04 16:37:32.531  INFO 5428 --- [localhost-startStop-1] o.s.b.w.servlet.FilterRegistrationBean   : Mapping filter: 'httpTraceFilter' to: [/*]
2018-08-04 16:37:32.531  INFO 5428 --- [localhost-startStop-1] o.s.b.w.servlet.ServletRegistrationBean  : Servlet dispatcherServlet mapped to [/]
2018-08-04 16:37:32.533 DEBUG 5428 --- [restartedMain] o.s.w.c.s.StandardServletEnvironment     : Replacing PropertySource 'servletContextInitParams' with 'servletContextInitParams'
2018-08-04 16:37:32.544  INFO 5428 --- [restartedMain] o.s.w.s.handler.SimpleUrlHandlerMapping  : Mapped URL path [/**/favicon.ico] onto handler of type [class org.springframework.web.servlet.resource.ResourceHttpRequestHandler]
2018-08-04 16:37:32.565  INFO 5428 --- [restartedMain] s.w.s.m.m.a.RequestMappingHandlerAdapter : Looking for @ControllerAdvice: org.springframework.boot.web.servlet.context.AnnotationConfigServletWebServerApplicationContext@77bc09b2: startup date [Sat Aug 04 16:37:32 EET 2018]; root of context hierarchy
2018-08-04 16:37:32.571 DEBUG 5428 --- [restartedMain] s.w.s.m.m.a.RequestMappingHandlerMapping : Looking for request mappings in application context: org.springframework.boot.web.servlet.context.AnnotationConfigServletWebServerApplicationContext@77bc09b2: startup date [Sat Aug 04 16:37:32 EET 2018]; root of context hierarchy
2018-08-04 16:37:32.573 DEBUG 5428 --- [restartedMain] s.w.s.m.m.a.RequestMappingHandlerMapping : 2 request handler methods found on class org.springframework.boot.autoconfigure.web.servlet.error.BasicErrorController: {public org.springframework.http.ResponseEntity org.springframework.boot.autoconfigure.web.servlet.error.BasicErrorController.error(javax.servlet.http.HttpServletRequest)={[/error]}, public org.springframework.web.servlet.ModelAndView org.springframework.boot.autoconfigure.web.servlet.error.BasicErrorController.errorHtml(javax.servlet.http.HttpServletRequest,javax.servlet.http.HttpServletResponse)={[/error],produces=[text/html]}}
2018-08-04 16:37:32.573  INFO 5428 --- [restartedMain] s.w.s.m.m.a.RequestMappingHandlerMapping : Mapped "{[/error]}" onto public org.springframework.http.ResponseEntity<java.util.Map<java.lang.String, java.lang.Object>> org.springframework.boot.autoconfigure.web.servlet.error.BasicErrorController.error(javax.servlet.http.HttpServletRequest)
2018-08-04 16:37:32.573  INFO 5428 --- [restartedMain] s.w.s.m.m.a.RequestMappingHandlerMapping : Mapped "{[/error],produces=[text/html]}" onto public org.springframework.web.servlet.ModelAndView org.springframework.boot.autoconfigure.web.servlet.error.BasicErrorController.errorHtml(javax.servlet.http.HttpServletRequest,javax.servlet.http.HttpServletResponse)
2018-08-04 16:37:32.578 DEBUG 5428 --- [restartedMain] o.s.w.s.h.BeanNameUrlHandlerMapping      : Looking for URL mappings in application context: org.springframework.boot.web.servlet.context.AnnotationConfigServletWebServerApplicationContext@77bc09b2: startup date [Sat Aug 04 16:37:32 EET 2018]; root of context hierarchy
2018-08-04 16:37:32.578 DEBUG 5428 --- [restartedMain] o.s.w.s.h.BeanNameUrlHandlerMapping      : Rejected bean name 'org.springframework.context.annotation.internalConfigurationAnnotationProcessor': no URL paths identified
2018-08-04 16:37:32.578 DEBUG 5428 --- [restartedMain] o.s.w.s.h.BeanNameUrlHandlerMapping      : Rejected bean name 'org.springframework.context.annotation.internalAutowiredAnnotationProcessor': no URL paths identified
2018-08-04 16:37:32.578 DEBUG 5428 --- [restartedMain] o.s.w.s.h.BeanNameUrlHandlerMapping      : Rejected bean name 'org.springframework.context.annotation.internalRequiredAnnotationProcessor': no URL paths identified
2018-08-04 16:37:32.578 DEBUG 5428 --- [restartedMain] o.s.w.s.h.BeanNameUrlHandlerMapping      : Rejected bean name 'org.springframework.context.annotation.internalCommonAnnotationProcessor': no URL paths identified
2018-08-04 16:37:32.578 DEBUG 5428 --- [restartedMain] o.s.w.s.h.BeanNameUrlHandlerMapping      : Rejected bean name 'org.springframework.context.event.internalEventListenerProcessor': no URL paths identified
2018-08-04 16:37:32.578 DEBUG 5428 --- [restartedMain] o.s.w.s.h.BeanNameUrlHandlerMapping      : Rejected bean name 'org.springframework.context.event.internalEventListenerFactory': no URL paths identified
2018-08-04 16:37:32.578 DEBUG 5428 --- [restartedMain] o.s.w.s.h.BeanNameUrlHandlerMapping      : Rejected bean name 'springRun': no URL paths identified
2018-08-04 16:37:32.578 DEBUG 5428 --- [restartedMain] o.s.w.s.h.BeanNameUrlHandlerMapping      : Rejected bean name 'org.springframework.boot.autoconfigure.internalCachingMetadataReaderFactory': no URL paths identified
2018-08-04 16:37:32.578 DEBUG 5428 --- [restartedMain] o.s.w.s.h.BeanNameUrlHandlerMapping      : Rejected bean name 'org.springframework.boot.autoconfigure.AutoConfigurationPackages': no URL paths identified
2018-08-04 16:37:32.578 DEBUG 5428 --- [restartedMain] o.s.w.s.h.BeanNameUrlHandlerMapping      : Rejected bean name 'org.springframework.boot.autoconfigure.context.PropertyPlaceholderAutoConfiguration': no URL paths identified
2018-08-04 16:37:32.578 DEBUG 5428 --- [restartedMain] o.s.w.s.h.BeanNameUrlHandlerMapping      : Rejected bean name 'org.springframework.boot.autoconfigure.condition.BeanTypeRegistry': no URL paths identified
2018-08-04 16:37:32.578 DEBUG 5428 --- [restartedMain] o.s.w.s.h.BeanNameUrlHandlerMapping      : Rejected bean name 'propertySourcesPlaceholderConfigurer': no URL paths identified
2018-08-04 16:37:32.578 DEBUG 5428 --- [restartedMain] o.s.w.s.h.BeanNameUrlHandlerMapping      : Rejected bean name 'org.springframework.boot.autoconfigure.websocket.servlet.WebSocketServletAutoConfiguration$TomcatWebSocketConfiguration': no URL paths identified
2018-08-04 16:37:32.578 DEBUG 5428 --- [restartedMain] o.s.w.s.h.BeanNameUrlHandlerMapping      : Rejected bean name 'websocketContainerCustomizer': no URL paths identified
2018-08-04 16:37:32.579 DEBUG 5428 --- [restartedMain] o.s.w.s.h.BeanNameUrlHandlerMapping      : Rejected bean name 'org.springframework.boot.autoconfigure.websocket.servlet.WebSocketServletAutoConfiguration': no URL paths identified
2018-08-04 16:37:32.579 DEBUG 5428 --- [restartedMain] o.s.w.s.h.BeanNameUrlHandlerMapping      : Rejected bean name 'org.springframework.boot.autoconfigure.web.servlet.ServletWebServerFactoryConfiguration$EmbeddedTomcat': no URL paths identified
2018-08-04 16:37:32.579 DEBUG 5428 --- [restartedMain] o.s.w.s.h.BeanNameUrlHandlerMapping      : Rejected bean name 'tomcatServletWebServerFactory': no URL paths identified
2018-08-04 16:37:32.579 DEBUG 5428 --- [restartedMain] o.s.w.s.h.BeanNameUrlHandlerMapping      : Rejected bean name 'org.springframework.boot.autoconfigure.web.servlet.ServletWebServerFactoryAutoConfiguration': no URL paths identified
2018-08-04 16:37:32.579 DEBUG 5428 --- [restartedMain] o.s.w.s.h.BeanNameUrlHandlerMapping      : Rejected bean name 'servletWebServerFactoryCustomizer': no URL paths identified
2018-08-04 16:37:32.579 DEBUG 5428 --- [restartedMain] o.s.w.s.h.BeanNameUrlHandlerMapping      : Rejected bean name 'tomcatServletWebServerFactoryCustomizer': no URL paths identified
2018-08-04 16:37:32.579 DEBUG 5428 --- [restartedMain] o.s.w.s.h.BeanNameUrlHandlerMapping      : Rejected bean name 'server-org.springframework.boot.autoconfigure.web.ServerProperties': no URL paths identified
2018-08-04 16:37:32.579 DEBUG 5428 --- [restartedMain] o.s.w.s.h.BeanNameUrlHandlerMapping      : Rejected bean name 'org.springframework.boot.context.properties.ConfigurationPropertiesBindingPostProcessor': no URL paths identified
2018-08-04 16:37:32.579 DEBUG 5428 --- [restartedMain] o.s.w.s.h.BeanNameUrlHandlerMapping      : Rejected bean name 'org.springframework.boot.context.properties.ConfigurationBeanFactoryMetadata': no URL paths identified
2018-08-04 16:37:32.579 DEBUG 5428 --- [restartedMain] o.s.w.s.h.BeanNameUrlHandlerMapping      : Rejected bean name 'webServerFactoryCustomizerBeanPostProcessor': no URL paths identified
2018-08-04 16:37:32.579 DEBUG 5428 --- [restartedMain] o.s.w.s.h.BeanNameUrlHandlerMapping      : Rejected bean name 'errorPageRegistrarBeanPostProcessor': no URL paths identified
2018-08-04 16:37:32.579 DEBUG 5428 --- [restartedMain] o.s.w.s.h.BeanNameUrlHandlerMapping      : Rejected bean name 'org.springframework.boot.autoconfigure.web.servlet.DispatcherServletAutoConfiguration$DispatcherServletConfiguration': no URL paths identified
2018-08-04 16:37:32.579 DEBUG 5428 --- [restartedMain] o.s.w.s.h.BeanNameUrlHandlerMapping      : Rejected bean name 'dispatcherServlet': no URL paths identified
2018-08-04 16:37:32.579 DEBUG 5428 --- [restartedMain] o.s.w.s.h.BeanNameUrlHandlerMapping      : Rejected bean name 'spring.mvc-org.springframework.boot.autoconfigure.web.servlet.WebMvcProperties': no URL paths identified
2018-08-04 16:37:32.579 DEBUG 5428 --- [restartedMain] o.s.w.s.h.BeanNameUrlHandlerMapping      : Rejected bean name 'org.springframework.boot.autoconfigure.web.servlet.DispatcherServletAutoConfiguration$DispatcherServletRegistrationConfiguration': no URL paths identified
2018-08-04 16:37:32.579 DEBUG 5428 --- [restartedMain] o.s.w.s.h.BeanNameUrlHandlerMapping      : Rejected bean name 'dispatcherServletRegistration': no URL paths identified
2018-08-04 16:37:32.579 DEBUG 5428 --- [restartedMain] o.s.w.s.h.BeanNameUrlHandlerMapping      : Rejected bean name 'org.springframework.boot.autoconfigure.web.servlet.DispatcherServletAutoConfiguration': no URL paths identified
2018-08-04 16:37:32.579 DEBUG 5428 --- [restartedMain] o.s.w.s.h.BeanNameUrlHandlerMapping      : Rejected bean name 'org.springframework.boot.autoconfigure.validation.ValidationAutoConfiguration': no URL paths identified
2018-08-04 16:37:32.579 DEBUG 5428 --- [restartedMain] o.s.w.s.h.BeanNameUrlHandlerMapping      : Rejected bean name 'defaultValidator': no URL paths identified
2018-08-04 16:37:32.579 DEBUG 5428 --- [restartedMain] o.s.w.s.h.BeanNameUrlHandlerMapping      : Rejected bean name 'methodValidationPostProcessor': no URL paths identified
2018-08-04 16:37:32.579 DEBUG 5428 --- [restartedMain] o.s.w.s.h.BeanNameUrlHandlerMapping      : Rejected bean name 'org.springframework.boot.autoconfigure.web.servlet.error.ErrorMvcAutoConfiguration$WhitelabelErrorViewConfiguration': no URL paths identified
2018-08-04 16:37:32.579 DEBUG 5428 --- [restartedMain] o.s.w.s.h.BeanNameUrlHandlerMapping      : Rejected bean name 'error': no URL paths identified
2018-08-04 16:37:32.579 DEBUG 5428 --- [restartedMain] o.s.w.s.h.BeanNameUrlHandlerMapping      : Rejected bean name 'beanNameViewResolver': no URL paths identified
2018-08-04 16:37:32.579 DEBUG 5428 --- [restartedMain] o.s.w.s.h.BeanNameUrlHandlerMapping      : Rejected bean name 'org.springframework.boot.autoconfigure.web.servlet.error.ErrorMvcAutoConfiguration$DefaultErrorViewResolverConfiguration': no URL paths identified
2018-08-04 16:37:32.580 DEBUG 5428 --- [restartedMain] o.s.w.s.h.BeanNameUrlHandlerMapping      : Rejected bean name 'conventionErrorViewResolver': no URL paths identified
2018-08-04 16:37:32.580 DEBUG 5428 --- [restartedMain] o.s.w.s.h.BeanNameUrlHandlerMapping      : Rejected bean name 'org.springframework.boot.autoconfigure.web.servlet.error.ErrorMvcAutoConfiguration': no URL paths identified
2018-08-04 16:37:32.580 DEBUG 5428 --- [restartedMain] o.s.w.s.h.BeanNameUrlHandlerMapping      : Rejected bean name 'errorAttributes': no URL paths identified
2018-08-04 16:37:32.580 DEBUG 5428 --- [restartedMain] o.s.w.s.h.BeanNameUrlHandlerMapping      : Rejected bean name 'basicErrorController': no URL paths identified
2018-08-04 16:37:32.580 DEBUG 5428 --- [restartedMain] o.s.w.s.h.BeanNameUrlHandlerMapping      : Rejected bean name 'errorPageCustomizer': no URL paths identified
2018-08-04 16:37:32.580 DEBUG 5428 --- [restartedMain] o.s.w.s.h.BeanNameUrlHandlerMapping      : Rejected bean name 'preserveErrorControllerTargetClassPostProcessor': no URL paths identified
2018-08-04 16:37:32.580 DEBUG 5428 --- [restartedMain] o.s.w.s.h.BeanNameUrlHandlerMapping      : Rejected bean name 'spring.resources-org.springframework.boot.autoconfigure.web.ResourceProperties': no URL paths identified
2018-08-04 16:37:32.580 DEBUG 5428 --- [restartedMain] o.s.w.s.h.BeanNameUrlHandlerMapping      : Rejected bean name 'org.springframework.boot.autoconfigure.web.servlet.WebMvcAutoConfiguration$WebMvcAutoConfigurationAdapter$FaviconConfiguration': no URL paths identified
2018-08-04 16:37:32.580 DEBUG 5428 --- [restartedMain] o.s.w.s.h.BeanNameUrlHandlerMapping      : Rejected bean name 'faviconHandlerMapping': no URL paths identified
2018-08-04 16:37:32.580 DEBUG 5428 --- [restartedMain] o.s.w.s.h.BeanNameUrlHandlerMapping      : Rejected bean name 'faviconRequestHandler': no URL paths identified
2018-08-04 16:37:32.580 DEBUG 5428 --- [restartedMain] o.s.w.s.h.BeanNameUrlHandlerMapping      : Rejected bean name 'org.springframework.boot.autoconfigure.web.servlet.WebMvcAutoConfiguration$EnableWebMvcConfiguration': no URL paths identified
2018-08-04 16:37:32.580 DEBUG 5428 --- [restartedMain] o.s.w.s.h.BeanNameUrlHandlerMapping      : Rejected bean name 'requestMappingHandlerAdapter': no URL paths identified
2018-08-04 16:37:32.580 DEBUG 5428 --- [restartedMain] o.s.w.s.h.BeanNameUrlHandlerMapping      : Rejected bean name 'requestMappingHandlerMapping': no URL paths identified
2018-08-04 16:37:32.580 DEBUG 5428 --- [restartedMain] o.s.w.s.h.BeanNameUrlHandlerMapping      : Rejected bean name 'mvcConversionService': no URL paths identified
2018-08-04 16:37:32.580 DEBUG 5428 --- [restartedMain] o.s.w.s.h.BeanNameUrlHandlerMapping      : Rejected bean name 'mvcValidator': no URL paths identified
2018-08-04 16:37:32.580 DEBUG 5428 --- [restartedMain] o.s.w.s.h.BeanNameUrlHandlerMapping      : Rejected bean name 'mvcContentNegotiationManager': no URL paths identified
2018-08-04 16:37:32.581 DEBUG 5428 --- [restartedMain] o.s.w.s.h.BeanNameUrlHandlerMapping      : Rejected bean name 'mvcPathMatcher': no URL paths identified
2018-08-04 16:37:32.581 DEBUG 5428 --- [restartedMain] o.s.w.s.h.BeanNameUrlHandlerMapping      : Rejected bean name 'mvcUrlPathHelper': no URL paths identified
2018-08-04 16:37:32.581 DEBUG 5428 --- [restartedMain] o.s.w.s.h.BeanNameUrlHandlerMapping      : Rejected bean name 'viewControllerHandlerMapping': no URL paths identified
2018-08-04 16:37:32.581 DEBUG 5428 --- [restartedMain] o.s.w.s.h.BeanNameUrlHandlerMapping      : Rejected bean name 'beanNameHandlerMapping': no URL paths identified
2018-08-04 16:37:32.581 DEBUG 5428 --- [restartedMain] o.s.w.s.h.BeanNameUrlHandlerMapping      : Rejected bean name 'resourceHandlerMapping': no URL paths identified
2018-08-04 16:37:32.581 DEBUG 5428 --- [restartedMain] o.s.w.s.h.BeanNameUrlHandlerMapping      : Rejected bean name 'mvcResourceUrlProvider': no URL paths identified
2018-08-04 16:37:32.581 DEBUG 5428 --- [restartedMain] o.s.w.s.h.BeanNameUrlHandlerMapping      : Rejected bean name 'defaultServletHandlerMapping': no URL paths identified
2018-08-04 16:37:32.581 DEBUG 5428 --- [restartedMain] o.s.w.s.h.BeanNameUrlHandlerMapping      : Rejected bean name 'mvcUriComponentsContributor': no URL paths identified
2018-08-04 16:37:32.581 DEBUG 5428 --- [restartedMain] o.s.w.s.h.BeanNameUrlHandlerMapping      : Rejected bean name 'httpRequestHandlerAdapter': no URL paths identified
2018-08-04 16:37:32.581 DEBUG 5428 --- [restartedMain] o.s.w.s.h.BeanNameUrlHandlerMapping      : Rejected bean name 'simpleControllerHandlerAdapter': no URL paths identified
2018-08-04 16:37:32.581 DEBUG 5428 --- [restartedMain] o.s.w.s.h.BeanNameUrlHandlerMapping      : Rejected bean name 'handlerExceptionResolver': no URL paths identified
2018-08-04 16:37:32.581 DEBUG 5428 --- [restartedMain] o.s.w.s.h.BeanNameUrlHandlerMapping      : Rejected bean name 'mvcViewResolver': no URL paths identified
2018-08-04 16:37:32.581 DEBUG 5428 --- [restartedMain] o.s.w.s.h.BeanNameUrlHandlerMapping      : Rejected bean name 'mvcHandlerMappingIntrospector': no URL paths identified
2018-08-04 16:37:32.581 DEBUG 5428 --- [restartedMain] o.s.w.s.h.BeanNameUrlHandlerMapping      : Rejected bean name 'org.springframework.boot.autoconfigure.web.servlet.WebMvcAutoConfiguration$WebMvcAutoConfigurationAdapter': no URL paths identified
2018-08-04 16:37:32.581 DEBUG 5428 --- [restartedMain] o.s.w.s.h.BeanNameUrlHandlerMapping      : Rejected bean name 'defaultViewResolver': no URL paths identified
2018-08-04 16:37:32.581 DEBUG 5428 --- [restartedMain] o.s.w.s.h.BeanNameUrlHandlerMapping      : Rejected bean name 'viewResolver': no URL paths identified
2018-08-04 16:37:32.581 DEBUG 5428 --- [restartedMain] o.s.w.s.h.BeanNameUrlHandlerMapping      : Rejected bean name 'welcomePageHandlerMapping': no URL paths identified
2018-08-04 16:37:32.581 DEBUG 5428 --- [restartedMain] o.s.w.s.h.BeanNameUrlHandlerMapping      : Rejected bean name 'requestContextFilter': no URL paths identified
2018-08-04 16:37:32.581 DEBUG 5428 --- [restartedMain] o.s.w.s.h.BeanNameUrlHandlerMapping      : Rejected bean name 'org.springframework.boot.autoconfigure.web.servlet.WebMvcAutoConfiguration': no URL paths identified
2018-08-04 16:37:32.581 DEBUG 5428 --- [restartedMain] o.s.w.s.h.BeanNameUrlHandlerMapping      : Rejected bean name 'hiddenHttpMethodFilter': no URL paths identified
2018-08-04 16:37:32.581 DEBUG 5428 --- [restartedMain] o.s.w.s.h.BeanNameUrlHandlerMapping      : Rejected bean name 'httpPutFormContentFilter': no URL paths identified
2018-08-04 16:37:32.581 DEBUG 5428 --- [restartedMain] o.s.w.s.h.BeanNameUrlHandlerMapping      : Rejected bean name 'org.springframework.boot.actuate.autoconfigure.audit.AuditAutoConfiguration$AuditEventRepositoryConfiguration': no URL paths identified
2018-08-04 16:37:32.581 DEBUG 5428 --- [restartedMain] o.s.w.s.h.BeanNameUrlHandlerMapping      : Rejected bean name 'auditEventRepository': no URL paths identified
2018-08-04 16:37:32.581 DEBUG 5428 --- [restartedMain] o.s.w.s.h.BeanNameUrlHandlerMapping      : Rejected bean name 'org.springframework.boot.actuate.autoconfigure.audit.AuditAutoConfiguration': no URL paths identified
2018-08-04 16:37:32.581 DEBUG 5428 --- [restartedMain] o.s.w.s.h.BeanNameUrlHandlerMapping      : Rejected bean name 'auditListener': no URL paths identified
2018-08-04 16:37:32.581 DEBUG 5428 --- [restartedMain] o.s.w.s.h.BeanNameUrlHandlerMapping      : Rejected bean name 'org.springframework.boot.actuate.autoconfigure.audit.AuditEventsEndpointAutoConfiguration': no URL paths identified
2018-08-04 16:37:32.581 DEBUG 5428 --- [restartedMain] o.s.w.s.h.BeanNameUrlHandlerMapping      : Rejected bean name 'auditEventsEndpoint': no URL paths identified
2018-08-04 16:37:32.581 DEBUG 5428 --- [restartedMain] o.s.w.s.h.BeanNameUrlHandlerMapping      : Rejected bean name 'org.springframework.boot.actuate.autoconfigure.beans.BeansEndpointAutoConfiguration': no URL paths identified
2018-08-04 16:37:32.581 DEBUG 5428 --- [restartedMain] o.s.w.s.h.BeanNameUrlHandlerMapping      : Rejected bean name 'beansEndpoint': no URL paths identified
2018-08-04 16:37:32.582 DEBUG 5428 --- [restartedMain] o.s.w.s.h.BeanNameUrlHandlerMapping      : Rejected bean name 'org.springframework.boot.actuate.autoconfigure.elasticsearch.ElasticsearchHealthIndicatorAutoConfiguration': no URL paths identified
2018-08-04 16:37:32.582 DEBUG 5428 --- [restartedMain] o.s.w.s.h.BeanNameUrlHandlerMapping      : Rejected bean name 'org.springframework.boot.actuate.autoconfigure.system.DiskSpaceHealthIndicatorAutoConfiguration': no URL paths identified
2018-08-04 16:37:32.582 DEBUG 5428 --- [restartedMain] o.s.w.s.h.BeanNameUrlHandlerMapping      : Rejected bean name 'diskSpaceHealthIndicator': no URL paths identified
2018-08-04 16:37:32.582 DEBUG 5428 --- [restartedMain] o.s.w.s.h.BeanNameUrlHandlerMapping      : Rejected bean name 'diskSpaceHealthIndicatorProperties': no URL paths identified
2018-08-04 16:37:32.582 DEBUG 5428 --- [restartedMain] o.s.w.s.h.BeanNameUrlHandlerMapping      : Rejected bean name 'org.springframework.boot.actuate.autoconfigure.mongo.MongoHealthIndicatorAutoConfiguration': no URL paths identified
2018-08-04 16:37:32.582 DEBUG 5428 --- [restartedMain] o.s.w.s.h.BeanNameUrlHandlerMapping      : Rejected bean name 'org.springframework.boot.actuate.autoconfigure.redis.RedisHealthIndicatorAutoConfiguration': no URL paths identified
2018-08-04 16:37:32.582 DEBUG 5428 --- [restartedMain] o.s.w.s.h.BeanNameUrlHandlerMapping      : Rejected bean name 'org.springframework.boot.actuate.autoconfigure.health.HealthIndicatorAutoConfiguration': no URL paths identified
2018-08-04 16:37:32.582 DEBUG 5428 --- [restartedMain] o.s.w.s.h.BeanNameUrlHandlerMapping      : Rejected bean name 'healthAggregator': no URL paths identified
2018-08-04 16:37:32.582 DEBUG 5428 --- [restartedMain] o.s.w.s.h.BeanNameUrlHandlerMapping      : Rejected bean name 'management.health.status-org.springframework.boot.actuate.autoconfigure.health.HealthIndicatorProperties': no URL paths identified
2018-08-04 16:37:32.582 DEBUG 5428 --- [restartedMain] o.s.w.s.h.BeanNameUrlHandlerMapping      : Rejected bean name 'org.springframework.boot.actuate.autoconfigure.health.HealthEndpointConfiguration': no URL paths identified
2018-08-04 16:37:32.582 DEBUG 5428 --- [restartedMain] o.s.w.s.h.BeanNameUrlHandlerMapping      : Rejected bean name 'healthEndpoint': no URL paths identified
2018-08-04 16:37:32.582 DEBUG 5428 --- [restartedMain] o.s.w.s.h.BeanNameUrlHandlerMapping      : Rejected bean name 'org.springframework.boot.actuate.autoconfigure.health.HealthEndpointWebExtensionConfiguration$ServletWebHealthConfiguration': no URL paths identified
2018-08-04 16:37:32.582 DEBUG 5428 --- [restartedMain] o.s.w.s.h.BeanNameUrlHandlerMapping      : Rejected bean name 'healthEndpointWebExtension': no URL paths identified
2018-08-04 16:37:32.582 DEBUG 5428 --- [restartedMain] o.s.w.s.h.BeanNameUrlHandlerMapping      : Rejected bean name 'org.springframework.boot.actuate.autoconfigure.health.HealthEndpointWebExtensionConfiguration': no URL paths identified
2018-08-04 16:37:32.582 DEBUG 5428 --- [restartedMain] o.s.w.s.h.BeanNameUrlHandlerMapping      : Rejected bean name 'createHealthStatusHttpMapper': no URL paths identified
2018-08-04 16:37:32.582 DEBUG 5428 --- [restartedMain] o.s.w.s.h.BeanNameUrlHandlerMapping      : Rejected bean name 'healthWebEndpointResponseMapper': no URL paths identified
2018-08-04 16:37:32.582 DEBUG 5428 --- [restartedMain] o.s.w.s.h.BeanNameUrlHandlerMapping      : Rejected bean name 'org.springframework.boot.actuate.autoconfigure.health.HealthEndpointAutoConfiguration': no URL paths identified
2018-08-04 16:37:32.582 DEBUG 5428 --- [restartedMain] o.s.w.s.h.BeanNameUrlHandlerMapping      : Rejected bean name 'management.endpoint.health-org.springframework.boot.actuate.autoconfigure.health.HealthEndpointProperties': no URL paths identified
2018-08-04 16:37:32.582 DEBUG 5428 --- [restartedMain] o.s.w.s.h.BeanNameUrlHandlerMapping      : Rejected bean name 'org.springframework.boot.actuate.autoconfigure.web.servlet.ServletManagementContextAutoConfiguration': no URL paths identified
2018-08-04 16:37:32.582 DEBUG 5428 --- [restartedMain] o.s.w.s.h.BeanNameUrlHandlerMapping      : Rejected bean name 'servletWebChildContextFactory': no URL paths identified
2018-08-04 16:37:32.582 DEBUG 5428 --- [restartedMain] o.s.w.s.h.BeanNameUrlHandlerMapping      : Rejected bean name 'managementServletContext': no URL paths identified
2018-08-04 16:37:32.582 DEBUG 5428 --- [restartedMain] o.s.w.s.h.BeanNameUrlHandlerMapping      : Rejected bean name 'org.springframework.boot.actuate.autoconfigure.condition.ConditionsReportEndpointAutoConfiguration': no URL paths identified
2018-08-04 16:37:32.582 DEBUG 5428 --- [restartedMain] o.s.w.s.h.BeanNameUrlHandlerMapping      : Rejected bean name 'conditionsReportEndpoint': no URL paths identified
2018-08-04 16:37:32.582 DEBUG 5428 --- [restartedMain] o.s.w.s.h.BeanNameUrlHandlerMapping      : Rejected bean name 'org.springframework.boot.actuate.autoconfigure.context.ShutdownEndpointAutoConfiguration': no URL paths identified
2018-08-04 16:37:32.582 DEBUG 5428 --- [restartedMain] o.s.w.s.h.BeanNameUrlHandlerMapping      : Rejected bean name 'org.springframework.boot.actuate.autoconfigure.context.properties.ConfigurationPropertiesReportEndpointAutoConfiguration': no URL paths identified
2018-08-04 16:37:32.582 DEBUG 5428 --- [restartedMain] o.s.w.s.h.BeanNameUrlHandlerMapping      : Rejected bean name 'configurationPropertiesReportEndpoint': no URL paths identified
2018-08-04 16:37:32.582 DEBUG 5428 --- [restartedMain] o.s.w.s.h.BeanNameUrlHandlerMapping      : Rejected bean name 'management.endpoint.configprops-org.springframework.boot.actuate.autoconfigure.context.properties.ConfigurationPropertiesReportEndpointProperties': no URL paths identified
2018-08-04 16:37:32.583 DEBUG 5428 --- [restartedMain] o.s.w.s.h.BeanNameUrlHandlerMapping      : Rejected bean name 'org.springframework.boot.actuate.autoconfigure.endpoint.EndpointAutoConfiguration': no URL paths identified
2018-08-04 16:37:32.583 DEBUG 5428 --- [restartedMain] o.s.w.s.h.BeanNameUrlHandlerMapping      : Rejected bean name 'endpointOperationParameterMapper': no URL paths identified
2018-08-04 16:37:32.583 DEBUG 5428 --- [restartedMain] o.s.w.s.h.BeanNameUrlHandlerMapping      : Rejected bean name 'endpointCachingOperationInvokerAdvisor': no URL paths identified
2018-08-04 16:37:32.583 DEBUG 5428 --- [restartedMain] o.s.w.s.h.BeanNameUrlHandlerMapping      : Rejected bean name 'org.springframework.boot.autoconfigure.jmx.JmxAutoConfiguration': no URL paths identified
2018-08-04 16:37:32.583 DEBUG 5428 --- [restartedMain] o.s.w.s.h.BeanNameUrlHandlerMapping      : Rejected bean name 'mbeanExporter': no URL paths identified
2018-08-04 16:37:32.583 DEBUG 5428 --- [restartedMain] o.s.w.s.h.BeanNameUrlHandlerMapping      : Rejected bean name 'objectNamingStrategy': no URL paths identified
2018-08-04 16:37:32.583 DEBUG 5428 --- [restartedMain] o.s.w.s.h.BeanNameUrlHandlerMapping      : Rejected bean name 'mbeanServer': no URL paths identified
2018-08-04 16:37:32.583 DEBUG 5428 --- [restartedMain] o.s.w.s.h.BeanNameUrlHandlerMapping      : Rejected bean name 'org.springframework.boot.actuate.autoconfigure.endpoint.jmx.JmxEndpointAutoConfiguration': no URL paths identified
2018-08-04 16:37:32.583 DEBUG 5428 --- [restartedMain] o.s.w.s.h.BeanNameUrlHandlerMapping      : Rejected bean name 'jmxAnnotationEndpointDiscoverer': no URL paths identified
2018-08-04 16:37:32.583 DEBUG 5428 --- [restartedMain] o.s.w.s.h.BeanNameUrlHandlerMapping      : Rejected bean name 'jmxMBeanExporter': no URL paths identified
2018-08-04 16:37:32.583 DEBUG 5428 --- [restartedMain] o.s.w.s.h.BeanNameUrlHandlerMapping      : Rejected bean name 'jmxIncludeExcludePropertyEndpointFilter': no URL paths identified
2018-08-04 16:37:32.583 DEBUG 5428 --- [restartedMain] o.s.w.s.h.BeanNameUrlHandlerMapping      : Rejected bean name 'management.endpoints.jmx-org.springframework.boot.actuate.autoconfigure.endpoint.jmx.JmxEndpointProperties': no URL paths identified
2018-08-04 16:37:32.583 DEBUG 5428 --- [restartedMain] o.s.w.s.h.BeanNameUrlHandlerMapping      : Rejected bean name 'org.springframework.boot.actuate.autoconfigure.endpoint.web.WebEndpointAutoConfiguration$WebEndpointServletConfiguration': no URL paths identified
2018-08-04 16:37:32.583 DEBUG 5428 --- [restartedMain] o.s.w.s.h.BeanNameUrlHandlerMapping      : Rejected bean name 'servletEndpointDiscoverer': no URL paths identified
2018-08-04 16:37:32.583 DEBUG 5428 --- [restartedMain] o.s.w.s.h.BeanNameUrlHandlerMapping      : Rejected bean name 'org.springframework.boot.actuate.autoconfigure.endpoint.web.WebEndpointAutoConfiguration': no URL paths identified
2018-08-04 16:37:32.583 DEBUG 5428 --- [restartedMain] o.s.w.s.h.BeanNameUrlHandlerMapping      : Rejected bean name 'webEndpointPathMapper': no URL paths identified
2018-08-04 16:37:32.583 DEBUG 5428 --- [restartedMain] o.s.w.s.h.BeanNameUrlHandlerMapping      : Rejected bean name 'endpointMediaTypes': no URL paths identified
2018-08-04 16:37:32.583 DEBUG 5428 --- [restartedMain] o.s.w.s.h.BeanNameUrlHandlerMapping      : Rejected bean name 'webEndpointDiscoverer': no URL paths identified
2018-08-04 16:37:32.583 DEBUG 5428 --- [restartedMain] o.s.w.s.h.BeanNameUrlHandlerMapping      : Rejected bean name 'controllerEndpointDiscoverer': no URL paths identified
2018-08-04 16:37:32.583 DEBUG 5428 --- [restartedMain] o.s.w.s.h.BeanNameUrlHandlerMapping      : Rejected bean name 'pathMappedEndpoints': no URL paths identified
2018-08-04 16:37:32.583 DEBUG 5428 --- [restartedMain] o.s.w.s.h.BeanNameUrlHandlerMapping      : Rejected bean name 'webExposeExcludePropertyEndpointFilter': no URL paths identified
2018-08-04 16:37:32.583 DEBUG 5428 --- [restartedMain] o.s.w.s.h.BeanNameUrlHandlerMapping      : Rejected bean name 'controllerExposeExcludePropertyEndpointFilter': no URL paths identified
2018-08-04 16:37:32.583 DEBUG 5428 --- [restartedMain] o.s.w.s.h.BeanNameUrlHandlerMapping      : Rejected bean name 'management.endpoints.web-org.springframework.boot.actuate.autoconfigure.endpoint.web.WebEndpointProperties': no URL paths identified
2018-08-04 16:37:32.583 DEBUG 5428 --- [restartedMain] o.s.w.s.h.BeanNameUrlHandlerMapping      : Rejected bean name 'org.springframework.boot.actuate.autoconfigure.env.EnvironmentEndpointAutoConfiguration': no URL paths identified
2018-08-04 16:37:32.583 DEBUG 5428 --- [restartedMain] o.s.w.s.h.BeanNameUrlHandlerMapping      : Rejected bean name 'environmentEndpoint': no URL paths identified
2018-08-04 16:37:32.583 DEBUG 5428 --- [restartedMain] o.s.w.s.h.BeanNameUrlHandlerMapping      : Rejected bean name 'environmentEndpointWebExtension': no URL paths identified
2018-08-04 16:37:32.583 DEBUG 5428 --- [restartedMain] o.s.w.s.h.BeanNameUrlHandlerMapping      : Rejected bean name 'management.endpoint.env-org.springframework.boot.actuate.autoconfigure.env.EnvironmentEndpointProperties': no URL paths identified
2018-08-04 16:37:32.583 DEBUG 5428 --- [restartedMain] o.s.w.s.h.BeanNameUrlHandlerMapping      : Rejected bean name 'org.springframework.boot.autoconfigure.info.ProjectInfoAutoConfiguration': no URL paths identified
2018-08-04 16:37:32.583 DEBUG 5428 --- [restartedMain] o.s.w.s.h.BeanNameUrlHandlerMapping      : Rejected bean name 'spring.info-org.springframework.boot.autoconfigure.info.ProjectInfoProperties': no URL paths identified
2018-08-04 16:37:32.583 DEBUG 5428 --- [restartedMain] o.s.w.s.h.BeanNameUrlHandlerMapping      : Rejected bean name 'org.springframework.boot.actuate.autoconfigure.info.InfoContributorAutoConfiguration': no URL paths identified
2018-08-04 16:37:32.583 DEBUG 5428 --- [restartedMain] o.s.w.s.h.BeanNameUrlHandlerMapping      : Rejected bean name 'envInfoContributor': no URL paths identified
2018-08-04 16:37:32.584 DEBUG 5428 --- [restartedMain] o.s.w.s.h.BeanNameUrlHandlerMapping      : Rejected bean name 'management.info-org.springframework.boot.actuate.autoconfigure.info.InfoContributorProperties': no URL paths identified
2018-08-04 16:37:32.584 DEBUG 5428 --- [restartedMain] o.s.w.s.h.BeanNameUrlHandlerMapping      : Rejected bean name 'org.springframework.boot.actuate.autoconfigure.info.InfoEndpointAutoConfiguration': no URL paths identified
2018-08-04 16:37:32.584 DEBUG 5428 --- [restartedMain] o.s.w.s.h.BeanNameUrlHandlerMapping      : Rejected bean name 'infoEndpoint': no URL paths identified
2018-08-04 16:37:32.584 DEBUG 5428 --- [restartedMain] o.s.w.s.h.BeanNameUrlHandlerMapping      : Rejected bean name 'org.springframework.boot.actuate.autoconfigure.logging.LogFileWebEndpointAutoConfiguration': no URL paths identified
2018-08-04 16:37:32.584 DEBUG 5428 --- [restartedMain] o.s.w.s.h.BeanNameUrlHandlerMapping      : Rejected bean name 'logFileWebEndpoint': no URL paths identified
2018-08-04 16:37:32.584 DEBUG 5428 --- [restartedMain] o.s.w.s.h.BeanNameUrlHandlerMapping      : Rejected bean name 'management.endpoint.logfile-org.springframework.boot.actuate.autoconfigure.logging.LogFileWebEndpointProperties': no URL paths identified
2018-08-04 16:37:32.584 DEBUG 5428 --- [restartedMain] o.s.w.s.h.BeanNameUrlHandlerMapping      : Rejected bean name 'org.springframework.boot.actuate.autoconfigure.logging.LoggersEndpointAutoConfiguration': no URL paths identified
2018-08-04 16:37:32.584 DEBUG 5428 --- [restartedMain] o.s.w.s.h.BeanNameUrlHandlerMapping      : Rejected bean name 'loggersEndpoint': no URL paths identified
2018-08-04 16:37:32.584 DEBUG 5428 --- [restartedMain] o.s.w.s.h.BeanNameUrlHandlerMapping      : Rejected bean name 'org.springframework.boot.actuate.autoconfigure.management.HeapDumpWebEndpointAutoConfiguration': no URL paths identified
2018-08-04 16:37:32.584 DEBUG 5428 --- [restartedMain] o.s.w.s.h.BeanNameUrlHandlerMapping      : Rejected bean name 'heapDumpWebEndpoint': no URL paths identified
2018-08-04 16:37:32.584 DEBUG 5428 --- [restartedMain] o.s.w.s.h.BeanNameUrlHandlerMapping      : Rejected bean name 'org.springframework.boot.actuate.autoconfigure.management.ThreadDumpEndpointAutoConfiguration': no URL paths identified
2018-08-04 16:37:32.584 DEBUG 5428 --- [restartedMain] o.s.w.s.h.BeanNameUrlHandlerMapping      : Rejected bean name 'dumpEndpoint': no URL paths identified
2018-08-04 16:37:32.584 DEBUG 5428 --- [restartedMain] o.s.w.s.h.BeanNameUrlHandlerMapping      : Rejected bean name 'org.springframework.boot.actuate.autoconfigure.metrics.MetricsAutoConfiguration$MeterBindersConfiguration': no URL paths identified
2018-08-04 16:37:32.584 DEBUG 5428 --- [restartedMain] o.s.w.s.h.BeanNameUrlHandlerMapping      : Rejected bean name 'logbackMetrics': no URL paths identified
2018-08-04 16:37:32.584 DEBUG 5428 --- [restartedMain] o.s.w.s.h.BeanNameUrlHandlerMapping      : Rejected bean name 'uptimeMetrics': no URL paths identified
2018-08-04 16:37:32.584 DEBUG 5428 --- [restartedMain] o.s.w.s.h.BeanNameUrlHandlerMapping      : Rejected bean name 'processorMetrics': no URL paths identified
2018-08-04 16:37:32.584 DEBUG 5428 --- [restartedMain] o.s.w.s.h.BeanNameUrlHandlerMapping      : Rejected bean name 'fileDescriptorMetrics': no URL paths identified
2018-08-04 16:37:32.584 DEBUG 5428 --- [restartedMain] o.s.w.s.h.BeanNameUrlHandlerMapping      : Rejected bean name 'org.springframework.boot.actuate.autoconfigure.metrics.MetricsAutoConfiguration$JvmMeterBindersConfiguration': no URL paths identified
2018-08-04 16:37:32.584 DEBUG 5428 --- [restartedMain] o.s.w.s.h.BeanNameUrlHandlerMapping      : Rejected bean name 'jvmGcMetrics': no URL paths identified
2018-08-04 16:37:32.584 DEBUG 5428 --- [restartedMain] o.s.w.s.h.BeanNameUrlHandlerMapping      : Rejected bean name 'jvmMemoryMetrics': no URL paths identified
2018-08-04 16:37:32.584 DEBUG 5428 --- [restartedMain] o.s.w.s.h.BeanNameUrlHandlerMapping      : Rejected bean name 'jvmThreadMetrics': no URL paths identified
2018-08-04 16:37:32.584 DEBUG 5428 --- [restartedMain] o.s.w.s.h.BeanNameUrlHandlerMapping      : Rejected bean name 'classLoaderMetrics': no URL paths identified
2018-08-04 16:37:32.584 DEBUG 5428 --- [restartedMain] o.s.w.s.h.BeanNameUrlHandlerMapping      : Rejected bean name 'org.springframework.boot.actuate.autoconfigure.metrics.MetricsAutoConfiguration': no URL paths identified
2018-08-04 16:37:32.584 DEBUG 5428 --- [restartedMain] o.s.w.s.h.BeanNameUrlHandlerMapping      : Rejected bean name 'micrometerClock': no URL paths identified
2018-08-04 16:37:32.584 DEBUG 5428 --- [restartedMain] o.s.w.s.h.BeanNameUrlHandlerMapping      : Rejected bean name 'meterRegistryPostProcessor': no URL paths identified
2018-08-04 16:37:32.584 DEBUG 5428 --- [restartedMain] o.s.w.s.h.BeanNameUrlHandlerMapping      : Rejected bean name 'propertiesMeterFilter': no URL paths identified
2018-08-04 16:37:32.584 DEBUG 5428 --- [restartedMain] o.s.w.s.h.BeanNameUrlHandlerMapping      : Rejected bean name 'management.metrics-org.springframework.boot.actuate.autoconfigure.metrics.MetricsProperties': no URL paths identified
2018-08-04 16:37:32.584 DEBUG 5428 --- [restartedMain] o.s.w.s.h.BeanNameUrlHandlerMapping      : Rejected bean name 'org.springframework.boot.actuate.autoconfigure.metrics.export.simple.SimpleMetricsExportAutoConfiguration': no URL paths identified
2018-08-04 16:37:32.584 DEBUG 5428 --- [restartedMain] o.s.w.s.h.BeanNameUrlHandlerMapping      : Rejected bean name 'simpleMeterRegistry': no URL paths identified
2018-08-04 16:37:32.584 DEBUG 5428 --- [restartedMain] o.s.w.s.h.BeanNameUrlHandlerMapping      : Rejected bean name 'simpleConfig': no URL paths identified
2018-08-04 16:37:32.584 DEBUG 5428 --- [restartedMain] o.s.w.s.h.BeanNameUrlHandlerMapping      : Rejected bean name 'management.metrics.export.simple-org.springframework.boot.actuate.autoconfigure.metrics.export.simple.SimpleProperties': no URL paths identified
2018-08-04 16:37:32.584 DEBUG 5428 --- [restartedMain] o.s.w.s.h.BeanNameUrlHandlerMapping      : Rejected bean name 'org.springframework.boot.actuate.autoconfigure.metrics.CompositeMeterRegistryAutoConfiguration': no URL paths identified
2018-08-04 16:37:32.584 DEBUG 5428 --- [restartedMain] o.s.w.s.h.BeanNameUrlHandlerMapping      : Rejected bean name 'org.springframework.boot.actuate.autoconfigure.metrics.MetricsEndpointAutoConfiguration': no URL paths identified
2018-08-04 16:37:32.585 DEBUG 5428 --- [restartedMain] o.s.w.s.h.BeanNameUrlHandlerMapping      : Rejected bean name 'metricsEndpoint': no URL paths identified
2018-08-04 16:37:32.585 DEBUG 5428 --- [restartedMain] o.s.w.s.h.BeanNameUrlHandlerMapping      : Rejected bean name 'org.springframework.boot.autoconfigure.jackson.JacksonAutoConfiguration$Jackson2ObjectMapperBuilderCustomizerConfiguration': no URL paths identified
2018-08-04 16:37:32.585 DEBUG 5428 --- [restartedMain] o.s.w.s.h.BeanNameUrlHandlerMapping      : Rejected bean name 'standardJacksonObjectMapperBuilderCustomizer': no URL paths identified
2018-08-04 16:37:32.585 DEBUG 5428 --- [restartedMain] o.s.w.s.h.BeanNameUrlHandlerMapping      : Rejected bean name 'spring.jackson-org.springframework.boot.autoconfigure.jackson.JacksonProperties': no URL paths identified
2018-08-04 16:37:32.585 DEBUG 5428 --- [restartedMain] o.s.w.s.h.BeanNameUrlHandlerMapping      : Rejected bean name 'org.springframework.boot.autoconfigure.jackson.JacksonAutoConfiguration$JacksonObjectMapperBuilderConfiguration': no URL paths identified
2018-08-04 16:37:32.585 DEBUG 5428 --- [restartedMain] o.s.w.s.h.BeanNameUrlHandlerMapping      : Rejected bean name 'jacksonObjectMapperBuilder': no URL paths identified
2018-08-04 16:37:32.585 DEBUG 5428 --- [restartedMain] o.s.w.s.h.BeanNameUrlHandlerMapping      : Rejected bean name 'org.springframework.boot.autoconfigure.jackson.JacksonAutoConfiguration$ParameterNamesModuleConfiguration': no URL paths identified
2018-08-04 16:37:32.585 DEBUG 5428 --- [restartedMain] o.s.w.s.h.BeanNameUrlHandlerMapping      : Rejected bean name 'parameterNamesModule': no URL paths identified
2018-08-04 16:37:32.585 DEBUG 5428 --- [restartedMain] o.s.w.s.h.BeanNameUrlHandlerMapping      : Rejected bean name 'org.springframework.boot.autoconfigure.jackson.JacksonAutoConfiguration$JacksonObjectMapperConfiguration': no URL paths identified
2018-08-04 16:37:32.585 DEBUG 5428 --- [restartedMain] o.s.w.s.h.BeanNameUrlHandlerMapping      : Rejected bean name 'jacksonObjectMapper': no URL paths identified
2018-08-04 16:37:32.585 DEBUG 5428 --- [restartedMain] o.s.w.s.h.BeanNameUrlHandlerMapping      : Rejected bean name 'org.springframework.boot.autoconfigure.jackson.JacksonAutoConfiguration': no URL paths identified
2018-08-04 16:37:32.585 DEBUG 5428 --- [restartedMain] o.s.w.s.h.BeanNameUrlHandlerMapping      : Rejected bean name 'jsonComponentModule': no URL paths identified
2018-08-04 16:37:32.585 DEBUG 5428 --- [restartedMain] o.s.w.s.h.BeanNameUrlHandlerMapping      : Rejected bean name 'org.springframework.boot.autoconfigure.http.HttpMessageConvertersAutoConfiguration$StringHttpMessageConverterConfiguration': no URL paths identified
2018-08-04 16:37:32.585 DEBUG 5428 --- [restartedMain] o.s.w.s.h.BeanNameUrlHandlerMapping      : Rejected bean name 'stringHttpMessageConverter': no URL paths identified
2018-08-04 16:37:32.585 DEBUG 5428 --- [restartedMain] o.s.w.s.h.BeanNameUrlHandlerMapping      : Rejected bean name 'spring.http.encoding-org.springframework.boot.autoconfigure.http.HttpEncodingProperties': no URL paths identified
2018-08-04 16:37:32.585 DEBUG 5428 --- [restartedMain] o.s.w.s.h.BeanNameUrlHandlerMapping      : Rejected bean name 'org.springframework.boot.autoconfigure.http.JacksonHttpMessageConvertersConfiguration$MappingJackson2HttpMessageConverterConfiguration': no URL paths identified
2018-08-04 16:37:32.585 DEBUG 5428 --- [restartedMain] o.s.w.s.h.BeanNameUrlHandlerMapping      : Rejected bean name 'mappingJackson2HttpMessageConverter': no URL paths identified
2018-08-04 16:37:32.585 DEBUG 5428 --- [restartedMain] o.s.w.s.h.BeanNameUrlHandlerMapping      : Rejected bean name 'org.springframework.boot.autoconfigure.http.JacksonHttpMessageConvertersConfiguration': no URL paths identified
2018-08-04 16:37:32.585 DEBUG 5428 --- [restartedMain] o.s.w.s.h.BeanNameUrlHandlerMapping      : Rejected bean name 'org.springframework.boot.autoconfigure.http.HttpMessageConvertersAutoConfiguration': no URL paths identified
2018-08-04 16:37:32.585 DEBUG 5428 --- [restartedMain] o.s.w.s.h.BeanNameUrlHandlerMapping      : Rejected bean name 'messageConverters': no URL paths identified
2018-08-04 16:37:32.585 DEBUG 5428 --- [restartedMain] o.s.w.s.h.BeanNameUrlHandlerMapping      : Rejected bean name 'org.springframework.boot.autoconfigure.web.client.RestTemplateAutoConfiguration': no URL paths identified
2018-08-04 16:37:32.585 DEBUG 5428 --- [restartedMain] o.s.w.s.h.BeanNameUrlHandlerMapping      : Rejected bean name 'restTemplateBuilder': no URL paths identified
2018-08-04 16:37:32.585 DEBUG 5428 --- [restartedMain] o.s.w.s.h.BeanNameUrlHandlerMapping      : Rejected bean name 'org.springframework.boot.actuate.autoconfigure.metrics.web.client.RestTemplateMetricsAutoConfiguration': no URL paths identified
2018-08-04 16:37:32.585 DEBUG 5428 --- [restartedMain] o.s.w.s.h.BeanNameUrlHandlerMapping      : Rejected bean name 'restTemplateTagConfigurer': no URL paths identified
2018-08-04 16:37:32.585 DEBUG 5428 --- [restartedMain] o.s.w.s.h.BeanNameUrlHandlerMapping      : Rejected bean name 'metricsRestTemplateCustomizer': no URL paths identified
2018-08-04 16:37:32.585 DEBUG 5428 --- [restartedMain] o.s.w.s.h.BeanNameUrlHandlerMapping      : Rejected bean name 'metricsWebClientUriTagFilter': no URL paths identified
2018-08-04 16:37:32.585 DEBUG 5428 --- [restartedMain] o.s.w.s.h.BeanNameUrlHandlerMapping      : Rejected bean name 'org.springframework.boot.actuate.autoconfigure.metrics.web.servlet.WebMvcMetricsAutoConfiguration': no URL paths identified
2018-08-04 16:37:32.585 DEBUG 5428 --- [restartedMain] o.s.w.s.h.BeanNameUrlHandlerMapping      : Rejected bean name 'webMvcTagsProvider': no URL paths identified
2018-08-04 16:37:32.585 DEBUG 5428 --- [restartedMain] o.s.w.s.h.BeanNameUrlHandlerMapping      : Rejected bean name 'webMvcMetricsFilter': no URL paths identified
2018-08-04 16:37:32.585 DEBUG 5428 --- [restartedMain] o.s.w.s.h.BeanNameUrlHandlerMapping      : Rejected bean name 'org.springframework.boot.actuate.autoconfigure.metrics.web.tomcat.TomcatMetricsAutoConfiguration': no URL paths identified
2018-08-04 16:37:32.585 DEBUG 5428 --- [restartedMain] o.s.w.s.h.BeanNameUrlHandlerMapping      : Rejected bean name 'tomcatMetrics': no URL paths identified
2018-08-04 16:37:32.586 DEBUG 5428 --- [restartedMain] o.s.w.s.h.BeanNameUrlHandlerMapping      : Rejected bean name 'contextCapturingServletTomcatCustomizer': no URL paths identified
2018-08-04 16:37:32.586 DEBUG 5428 --- [restartedMain] o.s.w.s.h.BeanNameUrlHandlerMapping      : Rejected bean name 'org.springframework.boot.actuate.autoconfigure.scheduling.ScheduledTasksEndpointAutoConfiguration': no URL paths identified
2018-08-04 16:37:32.586 DEBUG 5428 --- [restartedMain] o.s.w.s.h.BeanNameUrlHandlerMapping      : Rejected bean name 'scheduledTasksEndpoint': no URL paths identified
2018-08-04 16:37:32.586 DEBUG 5428 --- [restartedMain] o.s.w.s.h.BeanNameUrlHandlerMapping      : Rejected bean name 'org.springframework.boot.actuate.autoconfigure.trace.http.HttpTraceAutoConfiguration$ServletTraceFilterConfiguration': no URL paths identified
2018-08-04 16:37:32.586 DEBUG 5428 --- [restartedMain] o.s.w.s.h.BeanNameUrlHandlerMapping      : Rejected bean name 'httpTraceFilter': no URL paths identified
2018-08-04 16:37:32.586 DEBUG 5428 --- [restartedMain] o.s.w.s.h.BeanNameUrlHandlerMapping      : Rejected bean name 'org.springframework.boot.actuate.autoconfigure.trace.http.HttpTraceAutoConfiguration': no URL paths identified
2018-08-04 16:37:32.586 DEBUG 5428 --- [restartedMain] o.s.w.s.h.BeanNameUrlHandlerMapping      : Rejected bean name 'traceRepository': no URL paths identified
2018-08-04 16:37:32.586 DEBUG 5428 --- [restartedMain] o.s.w.s.h.BeanNameUrlHandlerMapping      : Rejected bean name 'httpExchangeTracer': no URL paths identified
2018-08-04 16:37:32.586 DEBUG 5428 --- [restartedMain] o.s.w.s.h.BeanNameUrlHandlerMapping      : Rejected bean name 'management.trace.http-org.springframework.boot.actuate.autoconfigure.trace.http.HttpTraceProperties': no URL paths identified
2018-08-04 16:37:32.586 DEBUG 5428 --- [restartedMain] o.s.w.s.h.BeanNameUrlHandlerMapping      : Rejected bean name 'org.springframework.boot.actuate.autoconfigure.trace.http.HttpTraceEndpointAutoConfiguration': no URL paths identified
2018-08-04 16:37:32.586 DEBUG 5428 --- [restartedMain] o.s.w.s.h.BeanNameUrlHandlerMapping      : Rejected bean name 'httpTraceEndpoint': no URL paths identified
2018-08-04 16:37:32.586 DEBUG 5428 --- [restartedMain] o.s.w.s.h.BeanNameUrlHandlerMapping      : Rejected bean name 'org.springframework.boot.actuate.autoconfigure.web.mappings.MappingsEndpointAutoConfiguration$ServletWebConfiguration$SpringMvcConfiguration': no URL paths identified
2018-08-04 16:37:32.586 DEBUG 5428 --- [restartedMain] o.s.w.s.h.BeanNameUrlHandlerMapping      : Rejected bean name 'dispatcherServletMappingDescriptionProvider': no URL paths identified
2018-08-04 16:37:32.586 DEBUG 5428 --- [restartedMain] o.s.w.s.h.BeanNameUrlHandlerMapping      : Rejected bean name 'org.springframework.boot.actuate.autoconfigure.web.mappings.MappingsEndpointAutoConfiguration$ServletWebConfiguration': no URL paths identified
2018-08-04 16:37:32.586 DEBUG 5428 --- [restartedMain] o.s.w.s.h.BeanNameUrlHandlerMapping      : Rejected bean name 'servletMappingDescriptionProvider': no URL paths identified
2018-08-04 16:37:32.586 DEBUG 5428 --- [restartedMain] o.s.w.s.h.BeanNameUrlHandlerMapping      : Rejected bean name 'filterMappingDescriptionProvider': no URL paths identified
2018-08-04 16:37:32.586 DEBUG 5428 --- [restartedMain] o.s.w.s.h.BeanNameUrlHandlerMapping      : Rejected bean name 'org.springframework.boot.actuate.autoconfigure.web.mappings.MappingsEndpointAutoConfiguration': no URL paths identified
2018-08-04 16:37:32.586 DEBUG 5428 --- [restartedMain] o.s.w.s.h.BeanNameUrlHandlerMapping      : Rejected bean name 'mappingsEndpoint': no URL paths identified
2018-08-04 16:37:32.586 DEBUG 5428 --- [restartedMain] o.s.w.s.h.BeanNameUrlHandlerMapping      : Rejected bean name 'org.springframework.boot.autoconfigure.admin.SpringApplicationAdminJmxAutoConfiguration': no URL paths identified
2018-08-04 16:37:32.586 DEBUG 5428 --- [restartedMain] o.s.w.s.h.BeanNameUrlHandlerMapping      : Rejected bean name 'springApplicationAdminRegistrar': no URL paths identified
2018-08-04 16:37:32.586 DEBUG 5428 --- [restartedMain] o.s.w.s.h.BeanNameUrlHandlerMapping      : Rejected bean name 'org.springframework.boot.autoconfigure.context.ConfigurationPropertiesAutoConfiguration': no URL paths identified
2018-08-04 16:37:32.586 DEBUG 5428 --- [restartedMain] o.s.w.s.h.BeanNameUrlHandlerMapping      : Rejected bean name 'org.springframework.boot.autoconfigure.http.codec.CodecsAutoConfiguration$JacksonCodecConfiguration': no URL paths identified
2018-08-04 16:37:32.586 DEBUG 5428 --- [restartedMain] o.s.w.s.h.BeanNameUrlHandlerMapping      : Rejected bean name 'jacksonCodecCustomizer': no URL paths identified
2018-08-04 16:37:32.586 DEBUG 5428 --- [restartedMain] o.s.w.s.h.BeanNameUrlHandlerMapping      : Rejected bean name 'org.springframework.boot.autoconfigure.http.codec.CodecsAutoConfiguration': no URL paths identified
2018-08-04 16:37:32.586 DEBUG 5428 --- [restartedMain] o.s.w.s.h.BeanNameUrlHandlerMapping      : Rejected bean name 'org.springframework.boot.autoconfigure.security.reactive.ReactiveSecurityAutoConfiguration': no URL paths identified
2018-08-04 16:37:32.586 DEBUG 5428 --- [restartedMain] o.s.w.s.h.BeanNameUrlHandlerMapping      : Rejected bean name 'spring.security-org.springframework.boot.autoconfigure.security.SecurityProperties': no URL paths identified
2018-08-04 16:37:32.586 DEBUG 5428 --- [restartedMain] o.s.w.s.h.BeanNameUrlHandlerMapping      : Rejected bean name 'org.springframework.boot.autoconfigure.web.embedded.EmbeddedWebServerFactoryCustomizerAutoConfiguration$TomcatWebServerFactoryCustomizerConfiguration': no URL paths identified
2018-08-04 16:37:32.586 DEBUG 5428 --- [restartedMain] o.s.w.s.h.BeanNameUrlHandlerMapping      : Rejected bean name 'tomcatWebServerFactoryCustomizer': no URL paths identified
2018-08-04 16:37:32.586 DEBUG 5428 --- [restartedMain] o.s.w.s.h.BeanNameUrlHandlerMapping      : Rejected bean name 'org.springframework.boot.autoconfigure.web.embedded.EmbeddedWebServerFactoryCustomizerAutoConfiguration': no URL paths identified
2018-08-04 16:37:32.586 DEBUG 5428 --- [restartedMain] o.s.w.s.h.BeanNameUrlHandlerMapping      : Rejected bean name 'org.springframework.boot.autoconfigure.web.servlet.HttpEncodingAutoConfiguration': no URL paths identified
2018-08-04 16:37:32.586 DEBUG 5428 --- [restartedMain] o.s.w.s.h.BeanNameUrlHandlerMapping      : Rejected bean name 'characterEncodingFilter': no URL paths identified
2018-08-04 16:37:32.586 DEBUG 5428 --- [restartedMain] o.s.w.s.h.BeanNameUrlHandlerMapping      : Rejected bean name 'localeCharsetMappingsCustomizer': no URL paths identified
2018-08-04 16:37:32.587 DEBUG 5428 --- [restartedMain] o.s.w.s.h.BeanNameUrlHandlerMapping      : Rejected bean name 'org.springframework.boot.autoconfigure.web.servlet.MultipartAutoConfiguration': no URL paths identified
2018-08-04 16:37:32.587 DEBUG 5428 --- [restartedMain] o.s.w.s.h.BeanNameUrlHandlerMapping      : Rejected bean name 'multipartConfigElement': no URL paths identified
2018-08-04 16:37:32.587 DEBUG 5428 --- [restartedMain] o.s.w.s.h.BeanNameUrlHandlerMapping      : Rejected bean name 'multipartResolver': no URL paths identified
2018-08-04 16:37:32.587 DEBUG 5428 --- [restartedMain] o.s.w.s.h.BeanNameUrlHandlerMapping      : Rejected bean name 'spring.servlet.multipart-org.springframework.boot.autoconfigure.web.servlet.MultipartProperties': no URL paths identified
2018-08-04 16:37:32.587 DEBUG 5428 --- [restartedMain] o.s.w.s.h.BeanNameUrlHandlerMapping      : Rejected bean name 'org.springframework.boot.devtools.autoconfigure.LocalDevToolsAutoConfiguration$RestartConfiguration': no URL paths identified
2018-08-04 16:37:32.587 DEBUG 5428 --- [restartedMain] o.s.w.s.h.BeanNameUrlHandlerMapping      : Rejected bean name 'classPathFileSystemWatcher': no URL paths identified
2018-08-04 16:37:32.587 DEBUG 5428 --- [restartedMain] o.s.w.s.h.BeanNameUrlHandlerMapping      : Rejected bean name 'classPathRestartStrategy': no URL paths identified
2018-08-04 16:37:32.587 DEBUG 5428 --- [restartedMain] o.s.w.s.h.BeanNameUrlHandlerMapping      : Rejected bean name 'hateoasObjenesisCacheDisabler': no URL paths identified
2018-08-04 16:37:32.587 DEBUG 5428 --- [restartedMain] o.s.w.s.h.BeanNameUrlHandlerMapping      : Rejected bean name 'fileSystemWatcherFactory': no URL paths identified
2018-08-04 16:37:32.587 DEBUG 5428 --- [restartedMain] o.s.w.s.h.BeanNameUrlHandlerMapping      : Rejected bean name 'conditionEvaluationDeltaLoggingListener': no URL paths identified
2018-08-04 16:37:32.587 DEBUG 5428 --- [restartedMain] o.s.w.s.h.BeanNameUrlHandlerMapping      : Rejected bean name 'org.springframework.boot.devtools.autoconfigure.LocalDevToolsAutoConfiguration$LiveReloadConfiguration': no URL paths identified
2018-08-04 16:37:32.587 DEBUG 5428 --- [restartedMain] o.s.w.s.h.BeanNameUrlHandlerMapping      : Rejected bean name 'liveReloadServer': no URL paths identified
2018-08-04 16:37:32.587 DEBUG 5428 --- [restartedMain] o.s.w.s.h.BeanNameUrlHandlerMapping      : Rejected bean name 'optionalLiveReloadServer': no URL paths identified
2018-08-04 16:37:32.587 DEBUG 5428 --- [restartedMain] o.s.w.s.h.BeanNameUrlHandlerMapping      : Rejected bean name 'liveReloadServerEventListener': no URL paths identified
2018-08-04 16:37:32.587 DEBUG 5428 --- [restartedMain] o.s.w.s.h.BeanNameUrlHandlerMapping      : Rejected bean name 'org.springframework.boot.devtools.autoconfigure.LocalDevToolsAutoConfiguration': no URL paths identified
2018-08-04 16:37:32.587 DEBUG 5428 --- [restartedMain] o.s.w.s.h.BeanNameUrlHandlerMapping      : Rejected bean name 'spring.devtools-org.springframework.boot.devtools.autoconfigure.DevToolsProperties': no URL paths identified
2018-08-04 16:37:32.587 DEBUG 5428 --- [restartedMain] o.s.w.s.h.BeanNameUrlHandlerMapping      : Rejected bean name 'org.springframework.boot.actuate.autoconfigure.endpoint.web.ServletEndpointManagementContextConfiguration$WebMvcServletEndpointManagementContextConfiguration': no URL paths identified
2018-08-04 16:37:32.587 DEBUG 5428 --- [restartedMain] o.s.w.s.h.BeanNameUrlHandlerMapping      : Rejected bean name 'servletEndpointRegistrar': no URL paths identified
2018-08-04 16:37:32.587 DEBUG 5428 --- [restartedMain] o.s.w.s.h.BeanNameUrlHandlerMapping      : Rejected bean name 'org.springframework.boot.actuate.autoconfigure.endpoint.web.ServletEndpointManagementContextConfiguration': no URL paths identified
2018-08-04 16:37:32.587 DEBUG 5428 --- [restartedMain] o.s.w.s.h.BeanNameUrlHandlerMapping      : Rejected bean name 'servletExposeExcludePropertyEndpointFilter': no URL paths identified
2018-08-04 16:37:32.587 DEBUG 5428 --- [restartedMain] o.s.w.s.h.BeanNameUrlHandlerMapping      : Rejected bean name 'org.springframework.boot.actuate.autoconfigure.endpoint.web.servlet.WebMvcEndpointManagementContextConfiguration': no URL paths identified
2018-08-04 16:37:32.587 DEBUG 5428 --- [restartedMain] o.s.w.s.h.BeanNameUrlHandlerMapping      : Rejected bean name 'webEndpointServletHandlerMapping': no URL paths identified
2018-08-04 16:37:32.587 DEBUG 5428 --- [restartedMain] o.s.w.s.h.BeanNameUrlHandlerMapping      : Rejected bean name 'controllerEndpointHandlerMapping': no URL paths identified
2018-08-04 16:37:32.587 DEBUG 5428 --- [restartedMain] o.s.w.s.h.BeanNameUrlHandlerMapping      : Rejected bean name 'management.endpoints.web.cors-org.springframework.boot.actuate.autoconfigure.endpoint.web.CorsEndpointProperties': no URL paths identified
2018-08-04 16:37:32.587 DEBUG 5428 --- [restartedMain] o.s.w.s.h.BeanNameUrlHandlerMapping      : Rejected bean name 'org.springframework.boot.actuate.autoconfigure.web.server.ManagementContextAutoConfiguration$SameManagementContextConfiguration$EnableSameManagementContextConfiguration': no URL paths identified
2018-08-04 16:37:32.587 DEBUG 5428 --- [restartedMain] o.s.w.s.h.BeanNameUrlHandlerMapping      : Rejected bean name 'org.springframework.boot.actuate.autoconfigure.web.server.ManagementContextAutoConfiguration$SameManagementContextConfiguration': no URL paths identified
2018-08-04 16:37:32.587 DEBUG 5428 --- [restartedMain] o.s.w.s.h.BeanNameUrlHandlerMapping      : Rejected bean name 'org.springframework.boot.actuate.autoconfigure.web.server.ManagementContextAutoConfiguration': no URL paths identified
2018-08-04 16:37:32.587 DEBUG 5428 --- [restartedMain] o.s.w.s.h.BeanNameUrlHandlerMapping      : Rejected bean name 'management.server-org.springframework.boot.actuate.autoconfigure.web.server.ManagementServerProperties': no URL paths identified
2018-08-04 16:37:32.587 DEBUG 5428 --- [restartedMain] o.s.w.s.h.BeanNameUrlHandlerMapping      : Rejected bean name 'autoConfigurationReport': no URL paths identified
2018-08-04 16:37:32.587 DEBUG 5428 --- [restartedMain] o.s.w.s.h.BeanNameUrlHandlerMapping      : Rejected bean name 'org.springframework.boot.context.ContextIdApplicationContextInitializer$ContextId': no URL paths identified
2018-08-04 16:37:32.587 DEBUG 5428 --- [restartedMain] o.s.w.s.h.BeanNameUrlHandlerMapping      : Rejected bean name 'springApplicationArguments': no URL paths identified
2018-08-04 16:37:32.587 DEBUG 5428 --- [restartedMain] o.s.w.s.h.BeanNameUrlHandlerMapping      : Rejected bean name 'springBootBanner': no URL paths identified
2018-08-04 16:37:32.587 DEBUG 5428 --- [restartedMain] o.s.w.s.h.BeanNameUrlHandlerMapping      : Rejected bean name 'springBootLoggingSystem': no URL paths identified
2018-08-04 16:37:32.587 DEBUG 5428 --- [restartedMain] o.s.w.s.h.BeanNameUrlHandlerMapping      : Rejected bean name 'environment': no URL paths identified
2018-08-04 16:37:32.587 DEBUG 5428 --- [restartedMain] o.s.w.s.h.BeanNameUrlHandlerMapping      : Rejected bean name 'systemProperties': no URL paths identified
2018-08-04 16:37:32.587 DEBUG 5428 --- [restartedMain] o.s.w.s.h.BeanNameUrlHandlerMapping      : Rejected bean name 'systemEnvironment': no URL paths identified
2018-08-04 16:37:32.587 DEBUG 5428 --- [restartedMain] o.s.w.s.h.BeanNameUrlHandlerMapping      : Rejected bean name 'org.springframework.context.annotation.ConfigurationClassPostProcessor.importRegistry': no URL paths identified
2018-08-04 16:37:32.587 DEBUG 5428 --- [restartedMain] o.s.w.s.h.BeanNameUrlHandlerMapping      : Rejected bean name 'messageSource': no URL paths identified
2018-08-04 16:37:32.587 DEBUG 5428 --- [restartedMain] o.s.w.s.h.BeanNameUrlHandlerMapping      : Rejected bean name 'applicationEventMulticaster': no URL paths identified
2018-08-04 16:37:32.587 DEBUG 5428 --- [restartedMain] o.s.w.s.h.BeanNameUrlHandlerMapping      : Rejected bean name 'servletContext': no URL paths identified
2018-08-04 16:37:32.587 DEBUG 5428 --- [restartedMain] o.s.w.s.h.BeanNameUrlHandlerMapping      : Rejected bean name 'contextParameters': no URL paths identified
2018-08-04 16:37:32.587 DEBUG 5428 --- [restartedMain] o.s.w.s.h.BeanNameUrlHandlerMapping      : Rejected bean name 'contextAttributes': no URL paths identified
2018-08-04 16:37:32.589  INFO 5428 --- [restartedMain] o.s.w.s.handler.SimpleUrlHandlerMapping  : Mapped URL path [/webjars/**] onto handler of type [class org.springframework.web.servlet.resource.ResourceHttpRequestHandler]
2018-08-04 16:37:32.589  INFO 5428 --- [restartedMain] o.s.w.s.handler.SimpleUrlHandlerMapping  : Mapped URL path [/**] onto handler of type [class org.springframework.web.servlet.resource.ResourceHttpRequestHandler]
2018-08-04 16:37:32.591 DEBUG 5428 --- [restartedMain] .m.m.a.ExceptionHandlerExceptionResolver : Looking for exception mappings: org.springframework.boot.web.servlet.context.AnnotationConfigServletWebServerApplicationContext@77bc09b2: startup date [Sat Aug 04 16:37:32 EET 2018]; root of context hierarchy
2018-08-04 16:37:32.646  INFO 5428 --- [restartedMain] o.s.b.d.a.OptionalLiveReloadServer       : LiveReload server is running on port 35729
2018-08-04 16:37:32.649  INFO 5428 --- [restartedMain] o.s.b.a.e.web.EndpointLinksResolver      : Exposing 2 endpoint(s) beneath base path '/actuator'
2018-08-04 16:37:32.650  INFO 5428 --- [restartedMain] s.b.a.e.w.s.WebMvcEndpointHandlerMapping : Mapped "{[/actuator/health],methods=[GET],produces=[application/vnd.spring-boot.actuator.v2+json || application/json]}" onto public java.lang.Object org.springframework.boot.actuate.endpoint.web.servlet.AbstractWebMvcEndpointHandlerMapping$OperationHandler.handle(javax.servlet.http.HttpServletRequest,java.util.Map<java.lang.String, java.lang.String>)
2018-08-04 16:37:32.650  INFO 5428 --- [restartedMain] s.b.a.e.w.s.WebMvcEndpointHandlerMapping : Mapped "{[/actuator/info],methods=[GET],produces=[application/vnd.spring-boot.actuator.v2+json || application/json]}" onto public java.lang.Object org.springframework.boot.actuate.endpoint.web.servlet.AbstractWebMvcEndpointHandlerMapping$OperationHandler.handle(javax.servlet.http.HttpServletRequest,java.util.Map<java.lang.String, java.lang.String>)
2018-08-04 16:37:32.650  INFO 5428 --- [restartedMain] s.b.a.e.w.s.WebMvcEndpointHandlerMapping : Mapped "{[/actuator],methods=[GET],produces=[application/vnd.spring-boot.actuator.v2+json || application/json]}" onto protected java.util.Map<java.lang.String, java.util.Map<java.lang.String, org.springframework.boot.actuate.endpoint.web.Link>> org.springframework.boot.actuate.endpoint.web.servlet.WebMvcEndpointHandlerMapping.links(javax.servlet.http.HttpServletRequest,javax.servlet.http.HttpServletResponse)
2018-08-04 16:37:32.666  INFO 5428 --- [restartedMain] o.s.j.e.a.AnnotationMBeanExporter        : Registering beans for JMX exposure on startup
2018-08-04 16:37:32.668 DEBUG 5428 --- [restartedMain] o.s.w.c.s.StandardServletEnvironment     : Adding PropertySource 'Management Server' with lowest search precedence
2018-08-04 16:37:32.672 DEBUG 5428 --- [restartedMain] o.s.w.s.resource.ResourceUrlProvider     : Looking for resource handler mappings
2018-08-04 16:37:32.673 DEBUG 5428 --- [restartedMain] o.s.w.s.resource.ResourceUrlProvider     : Found resource handler mapping: URL pattern="/**/favicon.ico", locations=[class path resource [META-INF/resources/], class path resource [resources/], class path resource [static/], class path resource [public/], ServletContext resource [/], class path resource []], resolvers=[org.springframework.web.servlet.resource.PathResourceResolver@52fc640d]
2018-08-04 16:37:32.673 DEBUG 5428 --- [restartedMain] o.s.w.s.resource.ResourceUrlProvider     : Found resource handler mapping: URL pattern="/webjars/**", locations=[class path resource [META-INF/resources/webjars/]], resolvers=[org.springframework.web.servlet.resource.PathResourceResolver@5f56423f]
2018-08-04 16:37:32.673 DEBUG 5428 --- [restartedMain] o.s.w.s.resource.ResourceUrlProvider     : Found resource handler mapping: URL pattern="/**", locations=[class path resource [META-INF/resources/], class path resource [resources/], class path resource [static/], class path resource [public/], ServletContext resource [/]], resolvers=[org.springframework.web.servlet.resource.PathResourceResolver@48f70fdf]
2018-08-04 16:37:32.677  INFO 5428 --- [restartedMain] o.s.b.w.embedded.tomcat.TomcatWebServer  : Tomcat started on port(s): 8080 (http) with context path ''
2018-08-04 16:37:32.678 DEBUG 5428 --- [restartedMain] o.s.w.c.s.StandardServletEnvironment     : Adding PropertySource 'server.ports' with highest search precedence
2018-08-04 16:37:32.678  INFO 5428 --- [restartedMain] com.korucu.SpringRun                     : Started SpringRun in 0.56 seconds (JVM running for 702.534)
2018-08-04 16:37:32.681  INFO 5428 --- [restartedMain] .ConditionEvaluationDeltaLoggingListener : Condition evaluation delta:


==========================
CONDITION EVALUATION DELTA
==========================


Positive matches:
-----------------

   LogFileWebEndpointAutoConfiguration#logFileWebEndpoint matched:
      - Log File found logging.file ornek.log (LogFileWebEndpointAutoConfiguration.LogFileCondition)
      - @ConditionalOnMissingBean (types: org.springframework.boot.actuate.logging.LogFileWebEndpoint; SearchStrategy: all) did not find any beans (OnBeanCondition)


Negative matches:
-----------------

    None


Exclusions:
-----------

    None


Unconditional classes:
----------------------

    None



2018-08-04 16:38:10.784 DEBUG 5428 --- [http-nio-8080-exec-1] o.s.web.servlet.DispatcherServlet        : Initializing servlet 'dispatcherServlet'
2018-08-04 16:38:10.785  INFO 5428 --- [http-nio-8080-exec-1] o.a.c.c.C.[Tomcat].[localhost].[/]       : Initializing Spring FrameworkServlet 'dispatcherServlet'
2018-08-04 16:38:10.786  INFO 5428 --- [http-nio-8080-exec-1] o.s.web.servlet.DispatcherServlet        : FrameworkServlet 'dispatcherServlet': initialization started
2018-08-04 16:38:10.786 DEBUG 5428 --- [http-nio-8080-exec-1] o.s.web.servlet.DispatcherServlet        : Using MultipartResolver [org.springframework.web.multipart.support.StandardServletMultipartResolver@1da71c18]
2018-08-04 16:38:10.787 DEBUG 5428 --- [http-nio-8080-exec-1] o.s.web.servlet.DispatcherServlet        : Unable to locate LocaleResolver with name 'localeResolver': using default [org.springframework.web.servlet.i18n.AcceptHeaderLocaleResolver@19989b74]
2018-08-04 16:38:10.787 DEBUG 5428 --- [http-nio-8080-exec-1] o.s.web.servlet.DispatcherServlet        : Unable to locate ThemeResolver with name 'themeResolver': using default [org.springframework.web.servlet.theme.FixedThemeResolver@5c9a1623]
2018-08-04 16:38:10.791 DEBUG 5428 --- [http-nio-8080-exec-1] o.s.web.servlet.DispatcherServlet        : Unable to locate RequestToViewNameTranslator with name 'viewNameTranslator': using default [org.springframework.web.servlet.view.DefaultRequestToViewNameTranslator@48ee2d64]
2018-08-04 16:38:10.793 DEBUG 5428 --- [http-nio-8080-exec-1] o.s.web.servlet.DispatcherServlet        : Unable to locate FlashMapManager with name 'flashMapManager': using default [org.springframework.web.servlet.support.SessionFlashMapManager@6d8cafbd]
2018-08-04 16:38:10.793 DEBUG 5428 --- [http-nio-8080-exec-1] o.s.web.servlet.DispatcherServlet        : Published WebApplicationContext of servlet 'dispatcherServlet' as ServletContext attribute with name [org.springframework.web.servlet.FrameworkServlet.CONTEXT.dispatcherServlet]
2018-08-04 16:38:10.793  INFO 5428 --- [http-nio-8080-exec-1] o.s.web.servlet.DispatcherServlet        : FrameworkServlet 'dispatcherServlet': initialization completed in 7 ms
2018-08-04 16:38:10.793 DEBUG 5428 --- [http-nio-8080-exec-1] o.s.web.servlet.DispatcherServlet        : Servlet 'dispatcherServlet' configured successfully
2018-08-04 16:38:10.797 DEBUG 5428 --- [http-nio-8080-exec-1] s.w.s.m.m.a.RequestMappingHandlerMapping : Looking up handler method for path /actuator/env
2018-08-04 16:38:10.797 DEBUG 5428 --- [http-nio-8080-exec-1] s.w.s.m.m.a.RequestMappingHandlerMapping : Did not find handler method for [/actuator/env]
2018-08-04 16:38:10.798 DEBUG 5428 --- [http-nio-8080-exec-1] o.s.w.s.handler.SimpleUrlHandlerMapping  : Matching patterns for request [/actuator/env] are [/**]
2018-08-04 16:38:10.798 DEBUG 5428 --- [http-nio-8080-exec-1] o.s.w.s.handler.SimpleUrlHandlerMapping  : URI Template variables for request [/actuator/env] are {}
2018-08-04 16:38:10.798 DEBUG 5428 --- [http-nio-8080-exec-1] o.s.w.s.handler.SimpleUrlHandlerMapping  : Mapping [/actuator/env] to HandlerExecutionChain with handler [ResourceHttpRequestHandler [locations=[class path resource [META-INF/resources/], class path resource [resources/], class path resource [static/], class path resource [public/], ServletContext resource [/]], resolvers=[org.springframework.web.servlet.resource.PathResourceResolver@48f70fdf]]] and 1 interceptor
2018-08-04 16:38:10.799 DEBUG 5428 --- [http-nio-8080-exec-1] o.s.web.servlet.DispatcherServlet        : DispatcherServlet with name 'dispatcherServlet' processing GET request for [/actuator/env]
2018-08-04 16:38:10.800 DEBUG 5428 --- [http-nio-8080-exec-1] s.w.s.m.m.a.RequestMappingHandlerMapping : Looking up handler method for path /actuator/env
2018-08-04 16:38:10.801 DEBUG 5428 --- [http-nio-8080-exec-1] s.w.s.m.m.a.RequestMappingHandlerMapping : Did not find handler method for [/actuator/env]
2018-08-04 16:38:10.801 DEBUG 5428 --- [http-nio-8080-exec-1] o.s.w.s.handler.SimpleUrlHandlerMapping  : Matching patterns for request [/actuator/env] are [/**]
2018-08-04 16:38:10.801 DEBUG 5428 --- [http-nio-8080-exec-1] o.s.w.s.handler.SimpleUrlHandlerMapping  : URI Template variables for request [/actuator/env] are {}
2018-08-04 16:38:10.801 DEBUG 5428 --- [http-nio-8080-exec-1] o.s.w.s.handler.SimpleUrlHandlerMapping  : Mapping [/actuator/env] to HandlerExecutionChain with handler [ResourceHttpRequestHandler [locations=[class path resource [META-INF/resources/], class path resource [resources/], class path resource [static/], class path resource [public/], ServletContext resource [/]], resolvers=[org.springframework.web.servlet.resource.PathResourceResolver@48f70fdf]]] and 1 interceptor
2018-08-04 16:38:10.802 DEBUG 5428 --- [http-nio-8080-exec-1] o.s.web.servlet.DispatcherServlet        : Last-Modified value for [/actuator/env] is: -1
2018-08-04 16:38:10.802 DEBUG 5428 --- [http-nio-8080-exec-1] o.s.web.servlet.DispatcherServlet        : Null ModelAndView returned to DispatcherServlet with name 'dispatcherServlet': assuming HandlerAdapter completed request handling
2018-08-04 16:38:10.802 DEBUG 5428 --- [http-nio-8080-exec-1] o.s.web.servlet.DispatcherServlet        : Successfully completed request
2018-08-04 16:38:10.805 DEBUG 5428 --- [http-nio-8080-exec-1] o.s.web.servlet.DispatcherServlet        : DispatcherServlet with name 'dispatcherServlet' processing GET request for [/error]
2018-08-04 16:38:10.806 DEBUG 5428 --- [http-nio-8080-exec-1] s.w.s.m.m.a.RequestMappingHandlerMapping : Looking up handler method for path /error
2018-08-04 16:38:10.807 DEBUG 5428 --- [http-nio-8080-exec-1] s.w.s.m.m.a.RequestMappingHandlerMapping : Returning handler method [public org.springframework.web.servlet.ModelAndView org.springframework.boot.autoconfigure.web.servlet.error.BasicErrorController.errorHtml(javax.servlet.http.HttpServletRequest,javax.servlet.http.HttpServletResponse)]
2018-08-04 16:38:10.808 DEBUG 5428 --- [http-nio-8080-exec-1] o.s.web.servlet.DispatcherServlet        : Last-Modified value for [/error] is: -1
2018-08-04 16:38:10.814 DEBUG 5428 --- [http-nio-8080-exec-1] o.s.w.s.v.ContentNegotiatingViewResolver : Requested media types are [text/html, text/html;q=0.8] based on Accept header types and producible media types [text/html])
2018-08-04 16:38:10.815 DEBUG 5428 --- [http-nio-8080-exec-1] o.s.w.s.v.ContentNegotiatingViewResolver : Returning [org.springframework.boot.autoconfigure.web.servlet.error.ErrorMvcAutoConfiguration$SpelView@3cb5e96c] based on requested media type 'text/html'
2018-08-04 16:38:10.815 DEBUG 5428 --- [http-nio-8080-exec-1] o.s.web.servlet.DispatcherServlet        : Rendering view [org.springframework.boot.autoconfigure.web.servlet.error.ErrorMvcAutoConfiguration$SpelView@3cb5e96c] in DispatcherServlet with name 'dispatcherServlet'
2018-08-04 16:38:10.816 DEBUG 5428 --- [http-nio-8080-exec-1] o.s.web.servlet.DispatcherServlet        : Successfully completed request
2018-08-04 16:38:10.828 DEBUG 5428 --- [http-nio-8080-exec-2] o.s.w.s.handler.SimpleUrlHandlerMapping  : Matching patterns for request [/favicon.ico] are [/**/favicon.ico]
2018-08-04 16:38:10.829 DEBUG 5428 --- [http-nio-8080-exec-2] o.s.w.s.handler.SimpleUrlHandlerMapping  : URI Template variables for request [/favicon.ico] are {}
2018-08-04 16:38:10.829 DEBUG 5428 --- [http-nio-8080-exec-2] o.s.w.s.handler.SimpleUrlHandlerMapping  : Mapping [/favicon.ico] to HandlerExecutionChain with handler [ResourceHttpRequestHandler [locations=[class path resource [META-INF/resources/], class path resource [resources/], class path resource [static/], class path resource [public/], ServletContext resource [/], class path resource []], resolvers=[org.springframework.web.servlet.resource.PathResourceResolver@52fc640d]]] and 1 interceptor
2018-08-04 16:38:10.829 DEBUG 5428 --- [http-nio-8080-exec-2] o.s.web.servlet.DispatcherServlet        : DispatcherServlet with name 'dispatcherServlet' processing GET request for [/favicon.ico]
2018-08-04 16:38:10.829 DEBUG 5428 --- [http-nio-8080-exec-2] o.s.w.s.handler.SimpleUrlHandlerMapping  : Matching patterns for request [/favicon.ico] are [/**/favicon.ico]
2018-08-04 16:38:10.829 DEBUG 5428 --- [http-nio-8080-exec-2] o.s.w.s.handler.SimpleUrlHandlerMapping  : URI Template variables for request [/favicon.ico] are {}
2018-08-04 16:38:10.830 DEBUG 5428 --- [http-nio-8080-exec-2] o.s.w.s.handler.SimpleUrlHandlerMapping  : Mapping [/favicon.ico] to HandlerExecutionChain with handler [ResourceHttpRequestHandler [locations=[class path resource [META-INF/resources/], class path resource [resources/], class path resource [static/], class path resource [public/], ServletContext resource [/], class path resource []], resolvers=[org.springframework.web.servlet.resource.PathResourceResolver@52fc640d]]] and 1 interceptor
2018-08-04 16:38:10.830 DEBUG 5428 --- [http-nio-8080-exec-2] o.s.web.servlet.DispatcherServlet        : Last-Modified value for [/favicon.ico] is: -1
2018-08-04 16:38:10.833 DEBUG 5428 --- [http-nio-8080-exec-2] o.s.web.servlet.DispatcherServlet        : Null ModelAndView returned to DispatcherServlet with name 'dispatcherServlet': assuming HandlerAdapter completed request handling
2018-08-04 16:38:10.833 DEBUG 5428 --- [http-nio-8080-exec-2] o.s.web.servlet.DispatcherServlet        : Successfully completed request
2018-08-04 16:38:18.776 DEBUG 5428 --- [http-nio-8080-exec-3] s.w.s.m.m.a.RequestMappingHandlerMapping : Looking up handler method for path /actuator/logging
2018-08-04 16:38:18.777 DEBUG 5428 --- [http-nio-8080-exec-3] s.w.s.m.m.a.RequestMappingHandlerMapping : Did not find handler method for [/actuator/logging]
2018-08-04 16:38:18.777 DEBUG 5428 --- [http-nio-8080-exec-3] o.s.w.s.handler.SimpleUrlHandlerMapping  : Matching patterns for request [/actuator/logging] are [/**]
2018-08-04 16:38:18.777 DEBUG 5428 --- [http-nio-8080-exec-3] o.s.w.s.handler.SimpleUrlHandlerMapping  : URI Template variables for request [/actuator/logging] are {}
2018-08-04 16:38:18.777 DEBUG 5428 --- [http-nio-8080-exec-3] o.s.w.s.handler.SimpleUrlHandlerMapping  : Mapping [/actuator/logging] to HandlerExecutionChain with handler [ResourceHttpRequestHandler [locations=[class path resource [META-INF/resources/], class path resource [resources/], class path resource [static/], class path resource [public/], ServletContext resource [/]], resolvers=[org.springframework.web.servlet.resource.PathResourceResolver@48f70fdf]]] and 1 interceptor
2018-08-04 16:38:18.778 DEBUG 5428 --- [http-nio-8080-exec-3] o.s.web.servlet.DispatcherServlet        : DispatcherServlet with name 'dispatcherServlet' processing GET request for [/actuator/logging]
2018-08-04 16:38:18.780 DEBUG 5428 --- [http-nio-8080-exec-3] s.w.s.m.m.a.RequestMappingHandlerMapping : Looking up handler method for path /actuator/logging
2018-08-04 16:38:18.781 DEBUG 5428 --- [http-nio-8080-exec-3] s.w.s.m.m.a.RequestMappingHandlerMapping : Did not find handler method for [/actuator/logging]
2018-08-04 16:38:18.781 DEBUG 5428 --- [http-nio-8080-exec-3] o.s.w.s.handler.SimpleUrlHandlerMapping  : Matching patterns for request [/actuator/logging] are [/**]
2018-08-04 16:38:18.781 DEBUG 5428 --- [http-nio-8080-exec-3] o.s.w.s.handler.SimpleUrlHandlerMapping  : URI Template variables for request [/actuator/logging] are {}
2018-08-04 16:38:18.781 DEBUG 5428 --- [http-nio-8080-exec-3] o.s.w.s.handler.SimpleUrlHandlerMapping  : Mapping [/actuator/logging] to HandlerExecutionChain with handler [ResourceHttpRequestHandler [locations=[class path resource [META-INF/resources/], class path resource [resources/], class path resource [static/], class path resource [public/], ServletContext resource [/]], resolvers=[org.springframework.web.servlet.resource.PathResourceResolver@48f70fdf]]] and 1 interceptor
2018-08-04 16:38:18.781 DEBUG 5428 --- [http-nio-8080-exec-3] o.s.web.servlet.DispatcherServlet        : Last-Modified value for [/actuator/logging] is: -1
2018-08-04 16:38:18.783 DEBUG 5428 --- [http-nio-8080-exec-3] o.s.web.servlet.DispatcherServlet        : Null ModelAndView returned to DispatcherServlet with name 'dispatcherServlet': assuming HandlerAdapter completed request handling
2018-08-04 16:38:18.783 DEBUG 5428 --- [http-nio-8080-exec-3] o.s.web.servlet.DispatcherServlet        : Successfully completed request
2018-08-04 16:38:18.787 DEBUG 5428 --- [http-nio-8080-exec-3] o.s.web.servlet.DispatcherServlet        : DispatcherServlet with name 'dispatcherServlet' processing GET request for [/error]
2018-08-04 16:38:18.789 DEBUG 5428 --- [http-nio-8080-exec-3] s.w.s.m.m.a.RequestMappingHandlerMapping : Looking up handler method for path /error
2018-08-04 16:38:18.790 DEBUG 5428 --- [http-nio-8080-exec-3] s.w.s.m.m.a.RequestMappingHandlerMapping : Returning handler method [public org.springframework.web.servlet.ModelAndView org.springframework.boot.autoconfigure.web.servlet.error.BasicErrorController.errorHtml(javax.servlet.http.HttpServletRequest,javax.servlet.http.HttpServletResponse)]
2018-08-04 16:38:18.790 DEBUG 5428 --- [http-nio-8080-exec-3] o.s.web.servlet.DispatcherServlet        : Last-Modified value for [/error] is: -1
2018-08-04 16:38:18.797 DEBUG 5428 --- [http-nio-8080-exec-3] o.s.w.s.v.ContentNegotiatingViewResolver : Requested media types are [text/html, text/html;q=0.8] based on Accept header types and producible media types [text/html])
2018-08-04 16:38:18.797 DEBUG 5428 --- [http-nio-8080-exec-3] o.s.w.s.v.ContentNegotiatingViewResolver : Returning [org.springframework.boot.autoconfigure.web.servlet.error.ErrorMvcAutoConfiguration$SpelView@3cb5e96c] based on requested media type 'text/html'
2018-08-04 16:38:18.797 DEBUG 5428 --- [http-nio-8080-exec-3] o.s.web.servlet.DispatcherServlet        : Rendering view [org.springframework.boot.autoconfigure.web.servlet.error.ErrorMvcAutoConfiguration$SpelView@3cb5e96c] in DispatcherServlet with name 'dispatcherServlet'
2018-08-04 16:38:18.797 DEBUG 5428 --- [http-nio-8080-exec-3] o.s.web.servlet.DispatcherServlet        : Successfully completed request
2018-08-04 16:38:23.387 DEBUG 5428 --- [http-nio-8080-exec-5] s.w.s.m.m.a.RequestMappingHandlerMapping : Looking up handler method for path /actuator/log
2018-08-04 16:38:23.388 DEBUG 5428 --- [http-nio-8080-exec-5] s.w.s.m.m.a.RequestMappingHandlerMapping : Did not find handler method for [/actuator/log]
2018-08-04 16:38:23.388 DEBUG 5428 --- [http-nio-8080-exec-5] o.s.w.s.handler.SimpleUrlHandlerMapping  : Matching patterns for request [/actuator/log] are [/**]
2018-08-04 16:38:23.388 DEBUG 5428 --- [http-nio-8080-exec-5] o.s.w.s.handler.SimpleUrlHandlerMapping  : URI Template variables for request [/actuator/log] are {}
2018-08-04 16:38:23.388 DEBUG 5428 --- [http-nio-8080-exec-5] o.s.w.s.handler.SimpleUrlHandlerMapping  : Mapping [/actuator/log] to HandlerExecutionChain with handler [ResourceHttpRequestHandler [locations=[class path resource [META-INF/resources/], class path resource [resources/], class path resource [static/], class path resource [public/], ServletContext resource [/]], resolvers=[org.springframework.web.servlet.resource.PathResourceResolver@48f70fdf]]] and 1 interceptor
2018-08-04 16:38:23.389 DEBUG 5428 --- [http-nio-8080-exec-5] o.s.web.servlet.DispatcherServlet        : DispatcherServlet with name 'dispatcherServlet' processing GET request for [/actuator/log]
2018-08-04 16:38:23.389 DEBUG 5428 --- [http-nio-8080-exec-5] s.w.s.m.m.a.RequestMappingHandlerMapping : Looking up handler method for path /actuator/log
2018-08-04 16:38:23.390 DEBUG 5428 --- [http-nio-8080-exec-5] s.w.s.m.m.a.RequestMappingHandlerMapping : Did not find handler method for [/actuator/log]
2018-08-04 16:38:23.390 DEBUG 5428 --- [http-nio-8080-exec-5] o.s.w.s.handler.SimpleUrlHandlerMapping  : Matching patterns for request [/actuator/log] are [/**]
2018-08-04 16:38:23.390 DEBUG 5428 --- [http-nio-8080-exec-5] o.s.w.s.handler.SimpleUrlHandlerMapping  : URI Template variables for request [/actuator/log] are {}
2018-08-04 16:38:23.390 DEBUG 5428 --- [http-nio-8080-exec-5] o.s.w.s.handler.SimpleUrlHandlerMapping  : Mapping [/actuator/log] to HandlerExecutionChain with handler [ResourceHttpRequestHandler [locations=[class path resource [META-INF/resources/], class path resource [resources/], class path resource [static/], class path resource [public/], ServletContext resource [/]], resolvers=[org.springframework.web.servlet.resource.PathResourceResolver@48f70fdf]]] and 1 interceptor
2018-08-04 16:38:23.390 DEBUG 5428 --- [http-nio-8080-exec-5] o.s.web.servlet.DispatcherServlet        : Last-Modified value for [/actuator/log] is: -1
2018-08-04 16:38:23.391 DEBUG 5428 --- [http-nio-8080-exec-5] o.s.web.servlet.DispatcherServlet        : Null ModelAndView returned to DispatcherServlet with name 'dispatcherServlet': assuming HandlerAdapter completed request handling
2018-08-04 16:38:23.391 DEBUG 5428 --- [http-nio-8080-exec-5] o.s.web.servlet.DispatcherServlet        : Successfully completed request
2018-08-04 16:38:23.392 DEBUG 5428 --- [http-nio-8080-exec-5] o.s.web.servlet.DispatcherServlet        : DispatcherServlet with name 'dispatcherServlet' processing GET request for [/error]
2018-08-04 16:38:23.392 DEBUG 5428 --- [http-nio-8080-exec-5] s.w.s.m.m.a.RequestMappingHandlerMapping : Looking up handler method for path /error
2018-08-04 16:38:23.393 DEBUG 5428 --- [http-nio-8080-exec-5] s.w.s.m.m.a.RequestMappingHandlerMapping : Returning handler method [public org.springframework.web.servlet.ModelAndView org.springframework.boot.autoconfigure.web.servlet.error.BasicErrorController.errorHtml(javax.servlet.http.HttpServletRequest,javax.servlet.http.HttpServletResponse)]
2018-08-04 16:38:23.394 DEBUG 5428 --- [http-nio-8080-exec-5] o.s.web.servlet.DispatcherServlet        : Last-Modified value for [/error] is: -1
2018-08-04 16:38:23.400 DEBUG 5428 --- [http-nio-8080-exec-5] o.s.w.s.v.ContentNegotiatingViewResolver : Requested media types are [text/html, text/html;q=0.8] based on Accept header types and producible media types [text/html])
2018-08-04 16:38:23.400 DEBUG 5428 --- [http-nio-8080-exec-5] o.s.w.s.v.ContentNegotiatingViewResolver : Returning [org.springframework.boot.autoconfigure.web.servlet.error.ErrorMvcAutoConfiguration$SpelView@3cb5e96c] based on requested media type 'text/html'
2018-08-04 16:38:23.400 DEBUG 5428 --- [http-nio-8080-exec-5] o.s.web.servlet.DispatcherServlet        : Rendering view [org.springframework.boot.autoconfigure.web.servlet.error.ErrorMvcAutoConfiguration$SpelView@3cb5e96c] in DispatcherServlet with name 'dispatcherServlet'
2018-08-04 16:38:23.400 DEBUG 5428 --- [http-nio-8080-exec-5] o.s.web.servlet.DispatcherServlet        : Successfully completed request
2018-08-04 16:38:32.429 DEBUG 5428 --- [http-nio-8080-exec-7] o.s.web.servlet.DispatcherServlet        : DispatcherServlet with name 'dispatcherServlet' processing GET request for [/actuator/info]
2018-08-04 16:38:32.430 DEBUG 5428 --- [http-nio-8080-exec-7] o.s.web.servlet.DispatcherServlet        : Last-Modified value for [/actuator/info] is: -1
2018-08-04 16:38:32.437 DEBUG 5428 --- [http-nio-8080-exec-7] m.m.a.RequestResponseBodyMethodProcessor : Written [{}] as "application/vnd.spring-boot.actuator.v2+json" using [org.springframework.http.converter.json.MappingJackson2HttpMessageConverter@5e176c4f]
2018-08-04 16:38:32.437 DEBUG 5428 --- [http-nio-8080-exec-7] o.s.web.servlet.DispatcherServlet        : Null ModelAndView returned to DispatcherServlet with name 'dispatcherServlet': assuming HandlerAdapter completed request handling
2018-08-04 16:38:32.440 DEBUG 5428 --- [http-nio-8080-exec-7] o.s.web.servlet.DispatcherServlet        : Successfully completed request
